#
# There is insufficient memory for the Java Runtime Environment to continue.
# Native memory allocation (malloc) failed to allocate 371216 bytes for Chunk::new
# Possible reasons:
#   The system is out of physical RAM or swap space
#   The process is running with CompressedOops enabled, and the Java Heap may be blocking the growth of the native heap
# Possible solutions:
#   Reduce memory load on the system
#   Increase physical memory or swap space
#   Check if swap backing store is full
#   Decrease Java heap size (-Xmx/-Xms)
#   Decrease number of Java threads
#   Decrease Java thread stack sizes (-Xss)
#   Set larger code cache with -XX:ReservedCodeCacheSize=
#   JVM is running with Zero Based Compressed Oops mode in which the Java heap is
#     placed in the first 32GB address space. The Java Heap base address is the
#     maximum limit for the native heap growth. Please use -XX:HeapBaseMinAddress
#     to set the Java Heap base and to place the Java Heap above 32GB virtual address.
# This output file may be truncated or incomplete.
#
#  Out of Memory Error (c:/BuildAgent/work/494cbf65e275b67e/src/hotspot/share/memory/arena.cpp:197), pid=16592, tid=16928
#
# JRE version: OpenJDK Runtime Environment (11.0.3+12) (build 11.0.3+12-b304.10)
# Java VM: OpenJDK 64-Bit Server VM (11.0.3+12-b304.10, mixed mode, sharing, tiered, compressed oops, g1 gc, windows-amd64)
# No core dump will be written. Minidumps are not enabled by default on client versions of Windows
#

---------------  S U M M A R Y ------------

Command Line: -ea -Didea.test.cyclic.buffer.size=1048576 -javaagent:Z:\IntelliJ IDEA 2019.2\lib\idea_rt.jar=56348:Z:\IntelliJ IDEA 2019.2\bin -Dfile.encoding=UTF-8 com.intellij.rt.execution.junit.JUnitStarter -ideVersion5 -junit4 ua.com.prestaShopAutomationQatestlab.temp_off,Price

Host: AMD E-450 APU with Radeon(tm) HD Graphics, 2 cores, 9G,  Windows 10 , 64 bit Build 14393 (10.0.14393.2969)
Time: Sun Mar 15 23:41:42 2020 Oeieyiaey (ceia) elapsed time: 29 seconds (0d 0h 0m 29s)

---------------  T H R E A D  ---------------

Current thread (0x000001e6b0a4a000):  JavaThread "C2 CompilerThread0" daemon [_thread_in_native, id=16928, stack(0x000000db3c800000,0x000000db3c900000)]


Current CompileTask:
C2:  29112 1521       4       java.io.DataInputStream::readUTF (501 bytes)

Stack: [0x000000db3c800000,0x000000db3c900000]
Native frames: (J=compiled Java code, j=interpreted, Vv=VM code, C=native code)
V  [jvm.dll+0x5da77a]
V  [jvm.dll+0x70b9c9]
V  [jvm.dll+0x70cee8]
V  [jvm.dll+0x70d5b3]
V  [jvm.dll+0x23ddc8]
V  [jvm.dll+0xb931c]
V  [jvm.dll+0xb981c]
V  [jvm.dll+0x34f07d]
V  [jvm.dll+0x31d193]
V  [jvm.dll+0x31c72a]
V  [jvm.dll+0x1f7952]
V  [jvm.dll+0x1f6b24]
V  [jvm.dll+0x17fadb]
V  [jvm.dll+0x204e17]
V  [jvm.dll+0x2036b2]
V  [jvm.dll+0x6d885f]
V  [jvm.dll+0x6d165d]
V  [jvm.dll+0x5d9a56]
C  [ucrtbase.dll+0x1f4a0]
C  [KERNEL32.DLL+0x84d4]
C  [ntdll.dll+0x6e8b1]


---------------  P R O C E S S  ---------------

Threads class SMR info:
_java_thread_list=0x000001e6b1863240, length=17, elements={
0x000001e695eae000, 0x000001e6b0a25800, 0x000001e6b0a27000, 0x000001e6b0a46000,
0x000001e6b0a47000, 0x000001e6b0a4a000, 0x000001e6b0a4f800, 0x000001e6b0aac800,
0x000001e6b1382800, 0x000001e6b1443800, 0x000001e6b1444000, 0x000001e6b19b3000,
0x000001e6b1a49800, 0x000001e6b15e3800, 0x000001e6b1a44800, 0x000001e6b1cf8800,
0x000001e6b14f7000
}

Java Threads: ( => current thread )
  0x000001e695eae000 JavaThread "Forwarding newSession on session null to remote" [_thread_in_vm, id=7112, stack(0x000000db3bd00000,0x000000db3be00000)]
  0x000001e6b0a25800 JavaThread "Reference Handler" daemon [_thread_blocked, id=17352, stack(0x000000db3c400000,0x000000db3c500000)]
  0x000001e6b0a27000 JavaThread "Finalizer" daemon [_thread_blocked, id=17324, stack(0x000000db3c500000,0x000000db3c600000)]
  0x000001e6b0a46000 JavaThread "Signal Dispatcher" daemon [_thread_blocked, id=15440, stack(0x000000db3c600000,0x000000db3c700000)]
  0x000001e6b0a47000 JavaThread "Attach Listener" daemon [_thread_blocked, id=13324, stack(0x000000db3c700000,0x000000db3c800000)]
=>0x000001e6b0a4a000 JavaThread "C2 CompilerThread0" daemon [_thread_in_native, id=16928, stack(0x000000db3c800000,0x000000db3c900000)]
  0x000001e6b0a4f800 JavaThread "C1 CompilerThread0" daemon [_thread_blocked, id=12592, stack(0x000000db3c900000,0x000000db3ca00000)]
  0x000001e6b0aac800 JavaThread "Sweeper thread" daemon [_thread_blocked, id=16128, stack(0x000000db3ca00000,0x000000db3cb00000)]
  0x000001e6b1382800 JavaThread "Common-Cleaner" daemon [_thread_blocked, id=16428, stack(0x000000db3cb00000,0x000000db3cc00000)]
  0x000001e6b1443800 JavaThread "Monitor Ctrl-Break" daemon [_thread_in_native, id=16304, stack(0x000000db3cc00000,0x000000db3cd00000)]
  0x000001e6b1444000 JavaThread "Service Thread" daemon [_thread_blocked, id=12636, stack(0x000000db3cd00000,0x000000db3ce00000)]
  0x000001e6b19b3000 JavaThread "Exec Default Executor" daemon [_thread_in_native, id=15032, stack(0x000000db3d300000,0x000000db3d400000)]
  0x000001e6b1a49800 JavaThread "UrlChecker-2" daemon [_thread_blocked, id=16740, stack(0x000000db3d400000,0x000000db3d500000)]
  0x000001e6b15e3800 JavaThread "Exec Stream Pumper" daemon [_thread_in_native, id=15692, stack(0x000000db3d600000,0x000000db3d700000)]
  0x000001e6b1a44800 JavaThread "Exec Stream Pumper" daemon [_thread_in_native, id=17404, stack(0x000000db3d700000,0x000000db3d800000)]
  0x000001e6b1cf8800 JavaThread "OkHttp ConnectionPool" daemon [_thread_blocked, id=16952, stack(0x000000db3d900000,0x000000db3da00000)]
  0x000001e6b14f7000 JavaThread "Okio Watchdog" daemon [_thread_blocked, id=16784, stack(0x000000db3da00000,0x000000db3db00000)]

Other Threads:
  0x000001e6b0a21800 VMThread "VM Thread" [stack: 0x000000db3c300000,0x000000db3c400000] [id=15644]
  0x000001e6b1450800 WatcherThread [stack: 0x000000db3ce00000,0x000000db3cf00000] [id=11068]
  0x000001e695ec3800 GCTaskThread "GC Thread#0" [stack: 0x000000db3be00000,0x000000db3bf00000] [id=13548]
  0x000001e6b1493000 GCTaskThread "GC Thread#1" [stack: 0x000000db3d200000,0x000000db3d300000] [id=13688]
  0x000001e695efd000 ConcurrentGCThread "G1 Main Marker" [stack: 0x000000db3bf00000,0x000000db3c000000] [id=16316]
  0x000001e695efe000 ConcurrentGCThread "G1 Conc#0" [stack: 0x000000db3c000000,0x000000db3c100000] [id=14576]
  0x000001e695f8d800 ConcurrentGCThread "G1 Refine#0" [stack: 0x000000db3c100000,0x000000db3c200000] [id=14604]
  0x000001e695f8e800 ConcurrentGCThread "G1 Young RemSet Sampling" [stack: 0x000000db3c200000,0x000000db3c300000] [id=12284]

Threads with active compile tasks:
C2 CompilerThread01521       4       java.io.DataInputStream::readUTF (501 bytes)

VM state:not at safepoint (normal execution)

VM Mutex/Monitor currently owned by a thread: None

Heap address: 0x0000000766400000, size: 2460 MB, Compressed Oops mode: Zero based, Oop shift amount: 3
Narrow klass base: 0x0000000800000000, Narrow klass shift: 3
Compressed class space size: 1073741824 Address: 0x0000000840000000

Heap:
 garbage-first heap   total 157696K, used 10961K [0x0000000766400000, 0x0000000800000000)
  region size 1024K, 10 young (10240K), 2 survivors (2048K)
 Metaspace       used 10778K, capacity 11304K, committed 11520K, reserved 1058816K
  class space    used 1325K, capacity 1528K, committed 1536K, reserved 1048576K
Heap Regions: E=young(eden), S=young(survivor), O=old, HS=humongous(starts), HC=humongous(continues), CS=collection set, F=free, A=archive, TAMS=top-at-mark-start (previous, next)
|   0|0x0000000766400000, 0x0000000766500000, 0x0000000766500000|100%| O|  |TAMS 0x0000000766400000, 0x0000000766400000| Untracked 
|   1|0x0000000766500000, 0x0000000766600000, 0x0000000766600000|100%| O|  |TAMS 0x0000000766500000, 0x0000000766500000| Untracked 
|   2|0x0000000766600000, 0x00000007666b4600, 0x0000000766700000| 70%| O|  |TAMS 0x0000000766600000, 0x0000000766600000| Untracked 
|   3|0x0000000766700000, 0x0000000766700000, 0x0000000766800000|  0%| F|  |TAMS 0x0000000766700000, 0x0000000766700000| Untracked 
|   4|0x0000000766800000, 0x0000000766800000, 0x0000000766900000|  0%| F|  |TAMS 0x0000000766800000, 0x0000000766800000| Untracked 
|   5|0x0000000766900000, 0x0000000766900000, 0x0000000766a00000|  0%| F|  |TAMS 0x0000000766900000, 0x0000000766900000| Untracked 
|   6|0x0000000766a00000, 0x0000000766a00000, 0x0000000766b00000|  0%| F|  |TAMS 0x0000000766a00000, 0x0000000766a00000| Untracked 
|   7|0x0000000766b00000, 0x0000000766b00000, 0x0000000766c00000|  0%| F|  |TAMS 0x0000000766b00000, 0x0000000766b00000| Untracked 
|   8|0x0000000766c00000, 0x0000000766c00000, 0x0000000766d00000|  0%| F|  |TAMS 0x0000000766c00000, 0x0000000766c00000| Untracked 
|   9|0x0000000766d00000, 0x0000000766d00000, 0x0000000766e00000|  0%| F|  |TAMS 0x0000000766d00000, 0x0000000766d00000| Untracked 
|  10|0x0000000766e00000, 0x0000000766e00000, 0x0000000766f00000|  0%| F|  |TAMS 0x0000000766e00000, 0x0000000766e00000| Untracked 
|  11|0x0000000766f00000, 0x0000000766f00000, 0x0000000767000000|  0%| F|  |TAMS 0x0000000766f00000, 0x0000000766f00000| Untracked 
|  12|0x0000000767000000, 0x0000000767000000, 0x0000000767100000|  0%| F|  |TAMS 0x0000000767000000, 0x0000000767000000| Untracked 
|  13|0x0000000767100000, 0x0000000767100000, 0x0000000767200000|  0%| F|  |TAMS 0x0000000767100000, 0x0000000767100000| Untracked 
|  14|0x0000000767200000, 0x0000000767200000, 0x0000000767300000|  0%| F|  |TAMS 0x0000000767200000, 0x0000000767200000| Untracked 
|  15|0x0000000767300000, 0x0000000767300000, 0x0000000767400000|  0%| F|  |TAMS 0x0000000767300000, 0x0000000767300000| Untracked 
|  16|0x0000000767400000, 0x0000000767400000, 0x0000000767500000|  0%| F|  |TAMS 0x0000000767400000, 0x0000000767400000| Untracked 
|  17|0x0000000767500000, 0x0000000767500000, 0x0000000767600000|  0%| F|  |TAMS 0x0000000767500000, 0x0000000767500000| Untracked 
|  18|0x0000000767600000, 0x0000000767600000, 0x0000000767700000|  0%| F|  |TAMS 0x0000000767600000, 0x0000000767600000| Untracked 
|  19|0x0000000767700000, 0x0000000767700000, 0x0000000767800000|  0%| F|  |TAMS 0x0000000767700000, 0x0000000767700000| Untracked 
|  20|0x0000000767800000, 0x0000000767800000, 0x0000000767900000|  0%| F|  |TAMS 0x0000000767800000, 0x0000000767800000| Untracked 
|  21|0x0000000767900000, 0x0000000767900000, 0x0000000767a00000|  0%| F|  |TAMS 0x0000000767900000, 0x0000000767900000| Untracked 
|  22|0x0000000767a00000, 0x0000000767a00000, 0x0000000767b00000|  0%| F|  |TAMS 0x0000000767a00000, 0x0000000767a00000| Untracked 
|  23|0x0000000767b00000, 0x0000000767b00000, 0x0000000767c00000|  0%| F|  |TAMS 0x0000000767b00000, 0x0000000767b00000| Untracked 
|  24|0x0000000767c00000, 0x0000000767c00000, 0x0000000767d00000|  0%| F|  |TAMS 0x0000000767c00000, 0x0000000767c00000| Untracked 
|  25|0x0000000767d00000, 0x0000000767d00000, 0x0000000767e00000|  0%| F|  |TAMS 0x0000000767d00000, 0x0000000767d00000| Untracked 
|  26|0x0000000767e00000, 0x0000000767e00000, 0x0000000767f00000|  0%| F|  |TAMS 0x0000000767e00000, 0x0000000767e00000| Untracked 
|  27|0x0000000767f00000, 0x0000000767f00000, 0x0000000768000000|  0%| F|  |TAMS 0x0000000767f00000, 0x0000000767f00000| Untracked 
|  28|0x0000000768000000, 0x0000000768000000, 0x0000000768100000|  0%| F|  |TAMS 0x0000000768000000, 0x0000000768000000| Untracked 
|  29|0x0000000768100000, 0x0000000768100000, 0x0000000768200000|  0%| F|  |TAMS 0x0000000768100000, 0x0000000768100000| Untracked 
|  30|0x0000000768200000, 0x0000000768200000, 0x0000000768300000|  0%| F|  |TAMS 0x0000000768200000, 0x0000000768200000| Untracked 
|  31|0x0000000768300000, 0x0000000768300000, 0x0000000768400000|  0%| F|  |TAMS 0x0000000768300000, 0x0000000768300000| Untracked 
|  32|0x0000000768400000, 0x0000000768400000, 0x0000000768500000|  0%| F|  |TAMS 0x0000000768400000, 0x0000000768400000| Untracked 
|  33|0x0000000768500000, 0x0000000768500000, 0x0000000768600000|  0%| F|  |TAMS 0x0000000768500000, 0x0000000768500000| Untracked 
|  34|0x0000000768600000, 0x0000000768600000, 0x0000000768700000|  0%| F|  |TAMS 0x0000000768600000, 0x0000000768600000| Untracked 
|  35|0x0000000768700000, 0x0000000768700000, 0x0000000768800000|  0%| F|  |TAMS 0x0000000768700000, 0x0000000768700000| Untracked 
|  36|0x0000000768800000, 0x0000000768800000, 0x0000000768900000|  0%| F|  |TAMS 0x0000000768800000, 0x0000000768800000| Untracked 
|  37|0x0000000768900000, 0x0000000768900000, 0x0000000768a00000|  0%| F|  |TAMS 0x0000000768900000, 0x0000000768900000| Untracked 
|  38|0x0000000768a00000, 0x0000000768a00000, 0x0000000768b00000|  0%| F|  |TAMS 0x0000000768a00000, 0x0000000768a00000| Untracked 
|  39|0x0000000768b00000, 0x0000000768b00000, 0x0000000768c00000|  0%| F|  |TAMS 0x0000000768b00000, 0x0000000768b00000| Untracked 
|  40|0x0000000768c00000, 0x0000000768c00000, 0x0000000768d00000|  0%| F|  |TAMS 0x0000000768c00000, 0x0000000768c00000| Untracked 
|  41|0x0000000768d00000, 0x0000000768d00000, 0x0000000768e00000|  0%| F|  |TAMS 0x0000000768d00000, 0x0000000768d00000| Untracked 
|  42|0x0000000768e00000, 0x0000000768e00000, 0x0000000768f00000|  0%| F|  |TAMS 0x0000000768e00000, 0x0000000768e00000| Untracked 
|  43|0x0000000768f00000, 0x0000000768f00000, 0x0000000769000000|  0%| F|  |TAMS 0x0000000768f00000, 0x0000000768f00000| Untracked 
|  44|0x0000000769000000, 0x0000000769000000, 0x0000000769100000|  0%| F|  |TAMS 0x0000000769000000, 0x0000000769000000| Untracked 
|  45|0x0000000769100000, 0x0000000769100000, 0x0000000769200000|  0%| F|  |TAMS 0x0000000769100000, 0x0000000769100000| Untracked 
|  46|0x0000000769200000, 0x0000000769200000, 0x0000000769300000|  0%| F|  |TAMS 0x0000000769200000, 0x0000000769200000| Untracked 
|  47|0x0000000769300000, 0x0000000769300000, 0x0000000769400000|  0%| F|  |TAMS 0x0000000769300000, 0x0000000769300000| Untracked 
|  48|0x0000000769400000, 0x0000000769400000, 0x0000000769500000|  0%| F|  |TAMS 0x0000000769400000, 0x0000000769400000| Untracked 
|  49|0x0000000769500000, 0x0000000769500000, 0x0000000769600000|  0%| F|  |TAMS 0x0000000769500000, 0x0000000769500000| Untracked 
|  50|0x0000000769600000, 0x0000000769600000, 0x0000000769700000|  0%| F|  |TAMS 0x0000000769600000, 0x0000000769600000| Untracked 
|  51|0x0000000769700000, 0x0000000769700000, 0x0000000769800000|  0%| F|  |TAMS 0x0000000769700000, 0x0000000769700000| Untracked 
|  52|0x0000000769800000, 0x0000000769800000, 0x0000000769900000|  0%| F|  |TAMS 0x0000000769800000, 0x0000000769800000| Untracked 
|  53|0x0000000769900000, 0x0000000769900000, 0x0000000769a00000|  0%| F|  |TAMS 0x0000000769900000, 0x0000000769900000| Untracked 
|  54|0x0000000769a00000, 0x0000000769a00000, 0x0000000769b00000|  0%| F|  |TAMS 0x0000000769a00000, 0x0000000769a00000| Untracked 
|  55|0x0000000769b00000, 0x0000000769b00000, 0x0000000769c00000|  0%| F|  |TAMS 0x0000000769b00000, 0x0000000769b00000| Untracked 
|  56|0x0000000769c00000, 0x0000000769c00000, 0x0000000769d00000|  0%| F|  |TAMS 0x0000000769c00000, 0x0000000769c00000| Untracked 
|  57|0x0000000769d00000, 0x0000000769d00000, 0x0000000769e00000|  0%| F|  |TAMS 0x0000000769d00000, 0x0000000769d00000| Untracked 
|  58|0x0000000769e00000, 0x0000000769e00000, 0x0000000769f00000|  0%| F|  |TAMS 0x0000000769e00000, 0x0000000769e00000| Untracked 
|  59|0x0000000769f00000, 0x0000000769f00000, 0x000000076a000000|  0%| F|  |TAMS 0x0000000769f00000, 0x0000000769f00000| Untracked 
|  60|0x000000076a000000, 0x000000076a000000, 0x000000076a100000|  0%| F|  |TAMS 0x000000076a000000, 0x000000076a000000| Untracked 
|  61|0x000000076a100000, 0x000000076a100000, 0x000000076a200000|  0%| F|  |TAMS 0x000000076a100000, 0x000000076a100000| Untracked 
|  62|0x000000076a200000, 0x000000076a200000, 0x000000076a300000|  0%| F|  |TAMS 0x000000076a200000, 0x000000076a200000| Untracked 
|  63|0x000000076a300000, 0x000000076a300000, 0x000000076a400000|  0%| F|  |TAMS 0x000000076a300000, 0x000000076a300000| Untracked 
|  64|0x000000076a400000, 0x000000076a400000, 0x000000076a500000|  0%| F|  |TAMS 0x000000076a400000, 0x000000076a400000| Untracked 
|  65|0x000000076a500000, 0x000000076a500000, 0x000000076a600000|  0%| F|  |TAMS 0x000000076a500000, 0x000000076a500000| Untracked 
|  66|0x000000076a600000, 0x000000076a600000, 0x000000076a700000|  0%| F|  |TAMS 0x000000076a600000, 0x000000076a600000| Untracked 
|  67|0x000000076a700000, 0x000000076a700000, 0x000000076a800000|  0%| F|  |TAMS 0x000000076a700000, 0x000000076a700000| Untracked 
|  68|0x000000076a800000, 0x000000076a800000, 0x000000076a900000|  0%| F|  |TAMS 0x000000076a800000, 0x000000076a800000| Untracked 
|  69|0x000000076a900000, 0x000000076a900000, 0x000000076aa00000|  0%| F|  |TAMS 0x000000076a900000, 0x000000076a900000| Untracked 
|  70|0x000000076aa00000, 0x000000076aa00000, 0x000000076ab00000|  0%| F|  |TAMS 0x000000076aa00000, 0x000000076aa00000| Untracked 
|  71|0x000000076ab00000, 0x000000076ab00000, 0x000000076ac00000|  0%| F|  |TAMS 0x000000076ab00000, 0x000000076ab00000| Untracked 
|  72|0x000000076ac00000, 0x000000076ac00000, 0x000000076ad00000|  0%| F|  |TAMS 0x000000076ac00000, 0x000000076ac00000| Untracked 
|  73|0x000000076ad00000, 0x000000076ad00000, 0x000000076ae00000|  0%| F|  |TAMS 0x000000076ad00000, 0x000000076ad00000| Untracked 
|  74|0x000000076ae00000, 0x000000076ae00000, 0x000000076af00000|  0%| F|  |TAMS 0x000000076ae00000, 0x000000076ae00000| Untracked 
|  75|0x000000076af00000, 0x000000076af00000, 0x000000076b000000|  0%| F|  |TAMS 0x000000076af00000, 0x000000076af00000| Untracked 
|  76|0x000000076b000000, 0x000000076b000000, 0x000000076b100000|  0%| F|  |TAMS 0x000000076b000000, 0x000000076b000000| Untracked 
|  77|0x000000076b100000, 0x000000076b100000, 0x000000076b200000|  0%| F|  |TAMS 0x000000076b100000, 0x000000076b100000| Untracked 
|  78|0x000000076b200000, 0x000000076b200000, 0x000000076b300000|  0%| F|  |TAMS 0x000000076b200000, 0x000000076b200000| Untracked 
|  79|0x000000076b300000, 0x000000076b300000, 0x000000076b400000|  0%| F|  |TAMS 0x000000076b300000, 0x000000076b300000| Untracked 
|  80|0x000000076b400000, 0x000000076b400000, 0x000000076b500000|  0%| F|  |TAMS 0x000000076b400000, 0x000000076b400000| Untracked 
|  81|0x000000076b500000, 0x000000076b500000, 0x000000076b600000|  0%| F|  |TAMS 0x000000076b500000, 0x000000076b500000| Untracked 
|  82|0x000000076b600000, 0x000000076b600000, 0x000000076b700000|  0%| F|  |TAMS 0x000000076b600000, 0x000000076b600000| Untracked 
|  83|0x000000076b700000, 0x000000076b700000, 0x000000076b800000|  0%| F|  |TAMS 0x000000076b700000, 0x000000076b700000| Untracked 
|  84|0x000000076b800000, 0x000000076b800000, 0x000000076b900000|  0%| F|  |TAMS 0x000000076b800000, 0x000000076b800000| Untracked 
|  85|0x000000076b900000, 0x000000076b900000, 0x000000076ba00000|  0%| F|  |TAMS 0x000000076b900000, 0x000000076b900000| Untracked 
|  86|0x000000076ba00000, 0x000000076ba00000, 0x000000076bb00000|  0%| F|  |TAMS 0x000000076ba00000, 0x000000076ba00000| Untracked 
|  87|0x000000076bb00000, 0x000000076bb00000, 0x000000076bc00000|  0%| F|  |TAMS 0x000000076bb00000, 0x000000076bb00000| Untracked 
|  88|0x000000076bc00000, 0x000000076bc00000, 0x000000076bd00000|  0%| F|  |TAMS 0x000000076bc00000, 0x000000076bc00000| Untracked 
|  89|0x000000076bd00000, 0x000000076bd00000, 0x000000076be00000|  0%| F|  |TAMS 0x000000076bd00000, 0x000000076bd00000| Untracked 
|  90|0x000000076be00000, 0x000000076be00000, 0x000000076bf00000|  0%| F|  |TAMS 0x000000076be00000, 0x000000076be00000| Untracked 
|  91|0x000000076bf00000, 0x000000076bf00000, 0x000000076c000000|  0%| F|  |TAMS 0x000000076bf00000, 0x000000076bf00000| Untracked 
|  92|0x000000076c000000, 0x000000076c000000, 0x000000076c100000|  0%| F|  |TAMS 0x000000076c000000, 0x000000076c000000| Untracked 
|  93|0x000000076c100000, 0x000000076c100000, 0x000000076c200000|  0%| F|  |TAMS 0x000000076c100000, 0x000000076c100000| Untracked 
|  94|0x000000076c200000, 0x000000076c200000, 0x000000076c300000|  0%| F|  |TAMS 0x000000076c200000, 0x000000076c200000| Untracked 
|  95|0x000000076c300000, 0x000000076c300000, 0x000000076c400000|  0%| F|  |TAMS 0x000000076c300000, 0x000000076c300000| Untracked 
|  96|0x000000076c400000, 0x000000076c400000, 0x000000076c500000|  0%| F|  |TAMS 0x000000076c400000, 0x000000076c400000| Untracked 
|  97|0x000000076c500000, 0x000000076c500000, 0x000000076c600000|  0%| F|  |TAMS 0x000000076c500000, 0x000000076c500000| Untracked 
|  98|0x000000076c600000, 0x000000076c600000, 0x000000076c700000|  0%| F|  |TAMS 0x000000076c600000, 0x000000076c600000| Untracked 
|  99|0x000000076c700000, 0x000000076c700000, 0x000000076c800000|  0%| F|  |TAMS 0x000000076c700000, 0x000000076c700000| Untracked 
| 100|0x000000076c800000, 0x000000076c800000, 0x000000076c900000|  0%| F|  |TAMS 0x000000076c800000, 0x000000076c800000| Untracked 
| 101|0x000000076c900000, 0x000000076c900000, 0x000000076ca00000|  0%| F|  |TAMS 0x000000076c900000, 0x000000076c900000| Untracked 
| 102|0x000000076ca00000, 0x000000076ca00000, 0x000000076cb00000|  0%| F|  |TAMS 0x000000076ca00000, 0x000000076ca00000| Untracked 
| 103|0x000000076cb00000, 0x000000076cb00000, 0x000000076cc00000|  0%| F|  |TAMS 0x000000076cb00000, 0x000000076cb00000| Untracked 
| 104|0x000000076cc00000, 0x000000076cc00000, 0x000000076cd00000|  0%| F|  |TAMS 0x000000076cc00000, 0x000000076cc00000| Untracked 
| 105|0x000000076cd00000, 0x000000076cd00000, 0x000000076ce00000|  0%| F|  |TAMS 0x000000076cd00000, 0x000000076cd00000| Untracked 
| 106|0x000000076ce00000, 0x000000076ce00000, 0x000000076cf00000|  0%| F|  |TAMS 0x000000076ce00000, 0x000000076ce00000| Untracked 
| 107|0x000000076cf00000, 0x000000076cf00000, 0x000000076d000000|  0%| F|  |TAMS 0x000000076cf00000, 0x000000076cf00000| Untracked 
| 108|0x000000076d000000, 0x000000076d000000, 0x000000076d100000|  0%| F|  |TAMS 0x000000076d000000, 0x000000076d000000| Untracked 
| 109|0x000000076d100000, 0x000000076d100000, 0x000000076d200000|  0%| F|  |TAMS 0x000000076d100000, 0x000000076d100000| Untracked 
| 110|0x000000076d200000, 0x000000076d200000, 0x000000076d300000|  0%| F|  |TAMS 0x000000076d200000, 0x000000076d200000| Untracked 
| 111|0x000000076d300000, 0x000000076d300000, 0x000000076d400000|  0%| F|  |TAMS 0x000000076d300000, 0x000000076d300000| Untracked 
| 112|0x000000076d400000, 0x000000076d400000, 0x000000076d500000|  0%| F|  |TAMS 0x000000076d400000, 0x000000076d400000| Untracked 
| 113|0x000000076d500000, 0x000000076d500000, 0x000000076d600000|  0%| F|  |TAMS 0x000000076d500000, 0x000000076d500000| Untracked 
| 114|0x000000076d600000, 0x000000076d600000, 0x000000076d700000|  0%| F|  |TAMS 0x000000076d600000, 0x000000076d600000| Untracked 
| 115|0x000000076d700000, 0x000000076d700000, 0x000000076d800000|  0%| F|  |TAMS 0x000000076d700000, 0x000000076d700000| Untracked 
| 116|0x000000076d800000, 0x000000076d800000, 0x000000076d900000|  0%| F|  |TAMS 0x000000076d800000, 0x000000076d800000| Untracked 
| 117|0x000000076d900000, 0x000000076d900000, 0x000000076da00000|  0%| F|  |TAMS 0x000000076d900000, 0x000000076d900000| Untracked 
| 118|0x000000076da00000, 0x000000076da00000, 0x000000076db00000|  0%| F|  |TAMS 0x000000076da00000, 0x000000076da00000| Untracked 
| 119|0x000000076db00000, 0x000000076db00000, 0x000000076dc00000|  0%| F|  |TAMS 0x000000076db00000, 0x000000076db00000| Untracked 
| 120|0x000000076dc00000, 0x000000076dc00000, 0x000000076dd00000|  0%| F|  |TAMS 0x000000076dc00000, 0x000000076dc00000| Untracked 
| 121|0x000000076dd00000, 0x000000076dd00000, 0x000000076de00000|  0%| F|  |TAMS 0x000000076dd00000, 0x000000076dd00000| Untracked 
| 122|0x000000076de00000, 0x000000076de00000, 0x000000076df00000|  0%| F|  |TAMS 0x000000076de00000, 0x000000076de00000| Untracked 
| 123|0x000000076df00000, 0x000000076df00000, 0x000000076e000000|  0%| F|  |TAMS 0x000000076df00000, 0x000000076df00000| Untracked 
| 124|0x000000076e000000, 0x000000076e000000, 0x000000076e100000|  0%| F|  |TAMS 0x000000076e000000, 0x000000076e000000| Untracked 
| 125|0x000000076e100000, 0x000000076e100000, 0x000000076e200000|  0%| F|  |TAMS 0x000000076e100000, 0x000000076e100000| Untracked 
| 126|0x000000076e200000, 0x000000076e200000, 0x000000076e300000|  0%| F|  |TAMS 0x000000076e200000, 0x000000076e200000| Untracked 
| 127|0x000000076e300000, 0x000000076e300000, 0x000000076e400000|  0%| F|  |TAMS 0x000000076e300000, 0x000000076e300000| Untracked 
| 128|0x000000076e400000, 0x000000076e400000, 0x000000076e500000|  0%| F|  |TAMS 0x000000076e400000, 0x000000076e400000| Untracked 
| 129|0x000000076e500000, 0x000000076e500000, 0x000000076e600000|  0%| F|  |TAMS 0x000000076e500000, 0x000000076e500000| Untracked 
| 130|0x000000076e600000, 0x000000076e600000, 0x000000076e700000|  0%| F|  |TAMS 0x000000076e600000, 0x000000076e600000| Untracked 
| 131|0x000000076e700000, 0x000000076e700000, 0x000000076e800000|  0%| F|  |TAMS 0x000000076e700000, 0x000000076e700000| Untracked 
| 132|0x000000076e800000, 0x000000076e800000, 0x000000076e900000|  0%| F|  |TAMS 0x000000076e800000, 0x000000076e800000| Untracked 
| 133|0x000000076e900000, 0x000000076e900000, 0x000000076ea00000|  0%| F|  |TAMS 0x000000076e900000, 0x000000076e900000| Untracked 
| 134|0x000000076ea00000, 0x000000076ea00000, 0x000000076eb00000|  0%| F|  |TAMS 0x000000076ea00000, 0x000000076ea00000| Untracked 
| 135|0x000000076eb00000, 0x000000076eb00000, 0x000000076ec00000|  0%| F|  |TAMS 0x000000076eb00000, 0x000000076eb00000| Untracked 
| 136|0x000000076ec00000, 0x000000076ec00000, 0x000000076ed00000|  0%| F|  |TAMS 0x000000076ec00000, 0x000000076ec00000| Untracked 
| 137|0x000000076ed00000, 0x000000076ed00000, 0x000000076ee00000|  0%| F|  |TAMS 0x000000076ed00000, 0x000000076ed00000| Untracked 
| 138|0x000000076ee00000, 0x000000076ee00000, 0x000000076ef00000|  0%| F|  |TAMS 0x000000076ee00000, 0x000000076ee00000| Untracked 
| 139|0x000000076ef00000, 0x000000076f000000, 0x000000076f000000|100%| S|CS|TAMS 0x000000076ef00000, 0x000000076ef00000| Complete 
| 140|0x000000076f000000, 0x000000076f100000, 0x000000076f100000|100%| S|CS|TAMS 0x000000076f000000, 0x000000076f000000| Complete 
| 141|0x000000076f100000, 0x000000076f100000, 0x000000076f200000|  0%| F|  |TAMS 0x000000076f100000, 0x000000076f100000| Untracked 
| 142|0x000000076f200000, 0x000000076f200000, 0x000000076f300000|  0%| F|  |TAMS 0x000000076f200000, 0x000000076f200000| Untracked 
| 143|0x000000076f300000, 0x000000076f300000, 0x000000076f400000|  0%| F|  |TAMS 0x000000076f300000, 0x000000076f300000| Untracked 
| 144|0x000000076f400000, 0x000000076f400000, 0x000000076f500000|  0%| F|  |TAMS 0x000000076f400000, 0x000000076f400000| Untracked 
| 145|0x000000076f500000, 0x000000076f500000, 0x000000076f600000|  0%| F|  |TAMS 0x000000076f500000, 0x000000076f500000| Untracked 
| 146|0x000000076f600000, 0x000000076f69ae60, 0x000000076f700000| 60%| E|  |TAMS 0x000000076f600000, 0x000000076f600000| Complete 
| 147|0x000000076f700000, 0x000000076f800000, 0x000000076f800000|100%| E|CS|TAMS 0x000000076f700000, 0x000000076f700000| Complete 
| 148|0x000000076f800000, 0x000000076f900000, 0x000000076f900000|100%| E|CS|TAMS 0x000000076f800000, 0x000000076f800000| Complete 
| 149|0x000000076f900000, 0x000000076fa00000, 0x000000076fa00000|100%| E|  |TAMS 0x000000076f900000, 0x000000076f900000| Complete 
| 150|0x000000076fa00000, 0x000000076fb00000, 0x000000076fb00000|100%| E|CS|TAMS 0x000000076fa00000, 0x000000076fa00000| Complete 
| 151|0x000000076fb00000, 0x000000076fc00000, 0x000000076fc00000|100%| E|CS|TAMS 0x000000076fb00000, 0x000000076fb00000| Complete 
| 152|0x000000076fc00000, 0x000000076fd00000, 0x000000076fd00000|100%| E|CS|TAMS 0x000000076fc00000, 0x000000076fc00000| Complete 
| 153|0x000000076fd00000, 0x000000076fe00000, 0x000000076fe00000|100%| E|CS|TAMS 0x000000076fd00000, 0x000000076fd00000| Complete 

Card table byte_map: [0x000001e6a9230000,0x000001e6a9700000] _byte_map_base: 0x000001e6a56fe000

Marking Bits (Prev, Next): (CMBitMap*) 0x000001e695ef1678, (CMBitMap*) 0x000001e695ef16b0
 Prev Bits: [0x000001e6a9bd0000, 0x000001e6ac240000)
 Next Bits: [0x000001e6ac240000, 0x000001e6ae8b0000)

Polling page: 0x000001e693de0000

Metaspace:

Usage:
  Non-class:      9.55 MB capacity,     9.23 MB ( 97%) used,   282.63 KB (  3%) free+waste,    40.81 KB ( <1%) overhead. 
      Class:      1.49 MB capacity,     1.29 MB ( 87%) used,   180.08 KB ( 12%) free+waste,    22.38 KB (  1%) overhead. 
       Both:     11.04 MB capacity,    10.53 MB ( 95%) used,   462.70 KB (  4%) free+waste,    63.19 KB ( <1%) overhead. 

Virtual space:
  Non-class space:       10.00 MB reserved,       9.75 MB ( 98%) committed 
      Class space:        1.00 GB reserved,       1.50 MB ( <1%) committed 
             Both:        1.01 GB reserved,      11.25 MB (  1%) committed 

Chunk freelists:
   Non-Class:  16.00 KB
       Class:  8.00 KB
        Both:  24.00 KB

CodeHeap 'non-profiled nmethods': size=120064Kb used=483Kb max_used=483Kb free=119580Kb
 bounds [0x000001e6a1820000, 0x000001e6a1a90000, 0x000001e6a8d60000]
CodeHeap 'profiled nmethods': size=120000Kb used=3216Kb max_used=3216Kb free=116784Kb
 bounds [0x000001e69a2f0000, 0x000001e69a620000, 0x000001e6a1820000]
CodeHeap 'non-nmethods': size=5696Kb used=1138Kb max_used=1147Kb free=4557Kb
 bounds [0x000001e699d60000, 0x000001e699fd0000, 0x000001e69a2f0000]
 total_blobs=2299 nmethods=1524 adapters=371
 compilation: enabled
              stopped_count=0, restarted_count=0
 full_count=0

Compilation events (10 events):
Event: 28.996 Thread 0x000001e6b0a4f800 nmethod 1516 0x000001e69a60f190 code [0x000001e69a60f420, 0x000001e69a610510]
Event: 28.998 Thread 0x000001e6b0a4f800 1517       3       java.lang.invoke.ClassSpecializer$SpeciesData::fieldCount (10 bytes)
Event: 28.998 Thread 0x000001e6b0a4f800 nmethod 1517 0x000001e69a610890 code [0x000001e69a610a60, 0x000001e69a610cb0]
Event: 29.001 Thread 0x000001e6b0a4f800 1518       3       java.lang.invoke.BoundMethodHandle::rebind (14 bytes)
Event: 29.003 Thread 0x000001e6b0a4f800 nmethod 1518 0x000001e69a610d90 code [0x000001e69a610fe0, 0x000001e69a611a30]
Event: 29.005 Thread 0x000001e6b0a4f800 1519       3       java.util.stream.AbstractPipeline::evaluate (94 bytes)
Event: 29.006 Thread 0x000001e6b0a4f800 nmethod 1519 0x000001e69a611d90 code [0x000001e69a611fc0, 0x000001e69a6126f0]
Event: 29.041 Thread 0x000001e6b0a4a000 1520       4       java.lang.String::checkBoundsOffCount (61 bytes)
Event: 29.043 Thread 0x000001e6b0a4a000 nmethod 1520 0x000001e6a1898b90 code [0x000001e6a1898d20, 0x000001e6a1898db8]
Event: 29.046 Thread 0x000001e6b0a4a000 1521       4       java.io.DataInputStream::readUTF (501 bytes)

GC Heap History (6 events):
Event: 3.553 GC heap before
{Heap before GC invocations=0 (full 0):
 garbage-first heap   total 157696K, used 6144K [0x0000000766400000, 0x0000000800000000)
  region size 1024K, 7 young (7168K), 0 survivors (0K)
 Metaspace       used 2781K, capacity 5417K, committed 5504K, reserved 1056768K
  class space    used 311K, capacity 571K, committed 640K, reserved 1048576K
}
Event: 3.578 GC heap after
{Heap after GC invocations=1 (full 0):
 garbage-first heap   total 157696K, used 2483K [0x0000000766400000, 0x0000000800000000)
  region size 1024K, 1 young (1024K), 1 survivors (1024K)
 Metaspace       used 2781K, capacity 5417K, committed 5504K, reserved 1056768K
  class space    used 311K, capacity 571K, committed 640K, reserved 1048576K
}
Event: 6.429 GC heap before
{Heap before GC invocations=1 (full 0):
 garbage-first heap   total 157696K, used 8627K [0x0000000766400000, 0x0000000800000000)
  region size 1024K, 7 young (7168K), 1 survivors (1024K)
 Metaspace       used 5537K, capacity 6450K, committed 6656K, reserved 1056768K
  class space    used 634K, capacity 724K, committed 768K, reserved 1048576K
}
Event: 6.440 GC heap after
{Heap after GC invocations=2 (full 0):
 garbage-first heap   total 157696K, used 3539K [0x0000000766400000, 0x0000000800000000)
  region size 1024K, 1 young (1024K), 1 survivors (1024K)
 Metaspace       used 5537K, capacity 6450K, committed 6656K, reserved 1056768K
  class space    used 634K, capacity 724K, committed 768K, reserved 1048576K
}
Event: 12.698 GC heap before
{Heap before GC invocations=2 (full 0):
 garbage-first heap   total 157696K, used 14803K [0x0000000766400000, 0x0000000800000000)
  region size 1024K, 13 young (13312K), 1 survivors (1024K)
 Metaspace       used 8946K, capacity 9371K, committed 9472K, reserved 1056768K
  class space    used 1077K, capacity 1239K, committed 1280K, reserved 1048576K
}
Event: 12.713 GC heap after
{Heap after GC invocations=3 (full 0):
 garbage-first heap   total 157696K, used 4817K [0x0000000766400000, 0x0000000800000000)
  region size 1024K, 2 young (2048K), 2 survivors (2048K)
 Metaspace       used 8946K, capacity 9371K, committed 9472K, reserved 1056768K
  class space    used 1077K, capacity 1239K, committed 1280K, reserved 1048576K
}

Deoptimization events (10 events):
Event: 8.865 Thread 0x000001e695eae000 Uncommon trap: reason=unstable_if action=reinterpret pc=0x000001e6a187155c method=java.util.regex.Pattern$Branch.match(Ljava/util/regex/Matcher;ILjava/lang/CharSequence;)Z @ 19 c2
Event: 9.267 Thread 0x000001e6b1a49800 Uncommon trap: reason=unstable_if action=reinterpret pc=0x000001e6a186064c method=java.lang.CharacterDataLatin1.digit(II)I @ 12 c2
Event: 9.801 Thread 0x000001e6b1a49800 Uncommon trap: reason=unstable_if action=reinterpret pc=0x000001e6a185c2d4 method=java.lang.CharacterDataLatin1.digit(II)I @ 12 c2
Event: 12.964 Thread 0x000001e695eae000 Uncommon trap: reason=unstable_if action=reinterpret pc=0x000001e6a1888858 method=java.util.regex.Pattern$BmpCharProperty.match(Ljava/util/regex/Matcher;ILjava/lang/CharSequence;)Z @ 5 c2
Event: 13.357 Thread 0x000001e695eae000 Uncommon trap: reason=unstable_if action=reinterpret pc=0x000001e6a1828e08 method=java.lang.String.isLatin1()Z @ 10 c2
Event: 13.691 Thread 0x000001e695eae000 Uncommon trap: reason=unstable_if action=reinterpret pc=0x000001e6a1881ba4 method=java.util.jar.JarFile.checkForSpecialAttributes()V @ 4 c2
Event: 28.665 Thread 0x000001e695eae000 Uncommon trap: reason=class_check action=maybe_recompile pc=0x000001e6a189274c method=org.openqa.selenium.json.Input.init()V @ 18 c2
Event: 28.666 Thread 0x000001e695eae000 Uncommon trap: reason=class_check action=maybe_recompile pc=0x000001e6a189274c method=org.openqa.selenium.json.Input.init()V @ 18 c2
Event: 28.666 Thread 0x000001e695eae000 Uncommon trap: reason=class_check action=maybe_recompile pc=0x000001e6a189274c method=org.openqa.selenium.json.Input.init()V @ 18 c2
Event: 28.666 Thread 0x000001e695eae000 Uncommon trap: reason=class_check action=maybe_recompile pc=0x000001e6a189274c method=org.openqa.selenium.json.Input.init()V @ 18 c2

Classes redefined (0 events):
No events

Internal exceptions (10 events):
Event: 11.683 Thread 0x000001e695eae000 Exception <a 'java/lang/NoSuchMethodError'{0x000000076f470418}: java.lang.invoke.DirectMethodHandle$Holder.invokeSpecialIFC(Ljava/lang/Object;Ljava/lang/Object;Ljava/lang/Object;Ljava/lang/Object;)I> (0x000000076f470418) thrown at [c:/BuildAgent/work/494c
Event: 11.799 Thread 0x000001e695eae000 Exception <a 'java/lang/NoSuchMethodError'{0x000000076f478740}: java.lang.invoke.DirectMethodHandle$Holder.invokeInterface(Ljava/lang/Object;Ljava/lang/Object;Ljava/lang/Object;Ljava/lang/Object;)Ljava/lang/Object;> (0x000000076f478740) thrown at [c:/Buil
Event: 11.835 Thread 0x000001e695eae000 Exception <a 'java/lang/NoSuchMethodError'{0x000000076f49de00}: java.lang.invoke.DirectMethodHandle$Holder.invokeVirtual(Ljava/lang/Object;Ljava/lang/Object;Ljava/lang/Object;)Ljava/lang/Object;> (0x000000076f49de00) thrown at [c:/BuildAgent/work/494cbf65
Event: 12.023 Thread 0x000001e695eae000 Exception <a 'java/lang/NoSuchMethodError'{0x000000076f375a68}: java.lang.invoke.DirectMethodHandle$Holder.invokeVirtual(Ljava/lang/Object;Ljava/lang/Object;)I> (0x000000076f375a68) thrown at [c:/BuildAgent/work/494cbf65e275b67e/src/hotspot/share/interpre
Event: 12.029 Thread 0x000001e695eae000 Exception <a 'java/lang/NoSuchMethodError'{0x000000076f37b9b0}: java.lang.invoke.DirectMethodHandle$Holder.invokeVirtual(Ljava/lang/Object;Ljava/lang/Object;)D> (0x000000076f37b9b0) thrown at [c:/BuildAgent/work/494cbf65e275b67e/src/hotspot/share/interpre
Event: 12.035 Thread 0x000001e695eae000 Exception <a 'java/lang/NoSuchMethodError'{0x000000076f381850}: java.lang.invoke.DirectMethodHandle$Holder.invokeVirtual(Ljava/lang/Object;Ljava/lang/Object;)F> (0x000000076f381850) thrown at [c:/BuildAgent/work/494cbf65e275b67e/src/hotspot/share/interpre
Event: 12.047 Thread 0x000001e695eae000 Exception <a 'java/lang/NoSuchMethodError'{0x000000076f389f10}: java.lang.invoke.DirectMethodHandle$Holder.invokeVirtual(Ljava/lang/Object;Ljava/lang/Object;)J> (0x000000076f389f10) thrown at [c:/BuildAgent/work/494cbf65e275b67e/src/hotspot/share/interpre
Event: 12.954 Thread 0x000001e695eae000 Exception <a 'java/lang/NoSuchMethodError'{0x000000076fc12a38}: java.lang.invoke.DirectMethodHandle$Holder.invokeStatic(Ljava/lang/Object;Ljava/lang/Object;Ljava/lang/Object;Ljava/lang/Object;Ljava/lang/Object;)V> (0x000000076fc12a38) thrown at [c:/BuildA
Event: 13.680 Thread 0x000001e695eae000 Exception <a 'java/lang/NoSuchMethodError'{0x000000076f84b4e0}: java.lang.invoke.DirectMethodHandle$Holder.invokeStatic(Ljava/lang/Object;Ljava/lang/Object;Ljava/lang/Object;Ljava/lang/Object;)V> (0x000000076f84b4e0) thrown at [c:/BuildAgent/work/494cbf65
Event: 28.744 Thread 0x000001e695eae000 Exception <a 'java/lang/NoSuchMethodError'{0x000000076f60f2c8}: java.lang.invoke.DirectMethodHandle$Holder.invokeSpecialIFC(Ljava/lang/Object;Ljava/lang/Object;Ljava/lang/Object;)Ljava/lang/Object;> (0x000000076f60f2c8) thrown at [c:/BuildAgent/work/494cb

Events (10 events):
Event: 28.774 loading class org/openqa/selenium/remote/InitialHandshakeResponse
Event: 28.774 loading class org/openqa/selenium/remote/InitialHandshakeResponse done
Event: 28.776 loading class org/openqa/selenium/Proxy
Event: 28.776 loading class org/openqa/selenium/Proxy done
Event: 28.776 loading class org/openqa/selenium/Proxy
Event: 28.776 loading class org/openqa/selenium/Proxy done
Event: 28.778 loading class org/openqa/selenium/Proxy
Event: 28.778 loading class org/openqa/selenium/Proxy done
Event: 28.780 loading class org/openqa/selenium/Proxy$ProxyType
Event: 28.780 loading class org/openqa/selenium/Proxy$ProxyType done


Dynamic libraries:
0x00007ff6bf5a0000 - 0x00007ff6bf5e7000 	Z:\IntelliJ IDEA 2019.2\jbr\bin\java.exe
0x00007ff832c60000 - 0x00007ff832e30000 	C:\Windows\SYSTEM32\ntdll.dll
0x00007ff830320000 - 0x00007ff8303cc000 	C:\Windows\System32\KERNEL32.DLL
0x00007ff82f2d0000 - 0x00007ff82f4ed000 	C:\Windows\System32\KERNELBASE.dll
0x00007ff830b10000 - 0x00007ff830c75000 	C:\Windows\System32\USER32.dll
0x00007ff82fc20000 - 0x00007ff82fc3e000 	C:\Windows\System32\win32u.dll
0x00007ff830d90000 - 0x00007ff830dc4000 	C:\Windows\System32\GDI32.dll
0x00007ff82fe90000 - 0x00007ff830011000 	C:\Windows\System32\gdi32full.dll
0x00007ff821f40000 - 0x00007ff8221ba000 	C:\Windows\WinSxS\amd64_microsoft.windows.common-controls_6595b64144ccf1df_6.0.14393.3053_none_7de042968342015d\COMCTL32.dll
0x00007ff830a70000 - 0x00007ff830b0e000 	C:\Windows\System32\msvcrt.dll
0x00007ff830dd0000 - 0x00007ff831095000 	C:\Windows\System32\combase.dll
0x00007ff82fc40000 - 0x00007ff82fd34000 	C:\Windows\System32\ucrtbase.dll
0x00007ff8301f0000 - 0x00007ff830311000 	C:\Windows\System32\RPCRT4.dll
0x00007ff82f150000 - 0x00007ff82f1ba000 	C:\Windows\System32\bcryptPrimitives.dll
0x00007ff8328f0000 - 0x00007ff83291e000 	C:\Windows\System32\IMM32.DLL
0x00007ff820640000 - 0x00007ff820657000 	Z:\IntelliJ IDEA 2019.2\jbr\bin\vcruntime140.dll
0x00007ff8148c0000 - 0x00007ff81495d000 	Z:\IntelliJ IDEA 2019.2\jbr\bin\msvcp140.dll
0x00007ff80bf20000 - 0x00007ff80c9d7000 	Z:\IntelliJ IDEA 2019.2\jbr\bin\server\jvm.dll
0x00007ff8327d0000 - 0x00007ff832872000 	C:\Windows\System32\ADVAPI32.dll
0x00007ff8329f0000 - 0x00007ff832a49000 	C:\Windows\System32\sechost.dll
0x00007ff832c50000 - 0x00007ff832c58000 	C:\Windows\System32\PSAPI.DLL
0x00007ff8202b0000 - 0x00007ff8202b9000 	C:\Windows\SYSTEM32\WSOCK32.dll
0x00007ff832880000 - 0x00007ff8328ea000 	C:\Windows\System32\WS2_32.dll
0x00007ff82cd50000 - 0x00007ff82cd73000 	C:\Windows\SYSTEM32\WINMM.dll
0x00007ff82d6d0000 - 0x00007ff82d6da000 	C:\Windows\SYSTEM32\VERSION.dll
0x00007ff82ccf0000 - 0x00007ff82cd1b000 	C:\Windows\SYSTEM32\WINMMBASE.dll
0x00007ff82f4f0000 - 0x00007ff82f532000 	C:\Windows\System32\cfgmgr32.dll
0x00007ff82f130000 - 0x00007ff82f13f000 	C:\Windows\System32\kernel.appcore.dll
0x00007ff824fa0000 - 0x00007ff824fb1000 	Z:\IntelliJ IDEA 2019.2\jbr\bin\verify.dll
0x00007ff82e790000 - 0x00007ff82e922000 	C:\Windows\SYSTEM32\DBGHELP.DLL
0x00007ff82e6a0000 - 0x00007ff82e6c9000 	C:\Windows\SYSTEM32\dbgcore.DLL
0x00007ff822ab0000 - 0x00007ff822ad9000 	Z:\IntelliJ IDEA 2019.2\jbr\bin\java.dll
0x00007ff822a70000 - 0x00007ff822aa4000 	Z:\IntelliJ IDEA 2019.2\jbr\bin\instrument.dll
0x00007ff822a50000 - 0x00007ff822a67000 	Z:\IntelliJ IDEA 2019.2\jbr\bin\zip.dll
0x00007ff82e730000 - 0x00007ff82e73b000 	Z:\IntelliJ IDEA 2019.2\jbr\bin\jimage.dll
0x00007ff8310c0000 - 0x00007ff8325c5000 	C:\Windows\System32\SHELL32.dll
0x00007ff82f540000 - 0x00007ff82fc1a000 	C:\Windows\System32\windows.storage.dll
0x00007ff82f0e0000 - 0x00007ff82f12c000 	C:\Windows\System32\powrprof.dll
0x00007ff830a10000 - 0x00007ff830a62000 	C:\Windows\System32\shlwapi.dll
0x00007ff82fde0000 - 0x00007ff82fe89000 	C:\Windows\System32\shcore.dll
0x00007ff82f0c0000 - 0x00007ff82f0d4000 	C:\Windows\System32\profapi.dll
0x00007ff822a30000 - 0x00007ff822a4a000 	Z:\IntelliJ IDEA 2019.2\jbr\bin\net.dll
0x00007ff825b10000 - 0x00007ff825bdc000 	C:\Windows\SYSTEM32\WINHTTP.dll
0x00007ff8234e0000 - 0x00007ff8236a3000 	C:\Windows\SYSTEM32\urlmon.dll
0x00007ff8275a0000 - 0x00007ff827851000 	C:\Windows\SYSTEM32\iertutil.dll
0x00007ff82e930000 - 0x00007ff82e98c000 	C:\Windows\system32\mswsock.dll
0x00007ff822a10000 - 0x00007ff822a24000 	Z:\IntelliJ IDEA 2019.2\jbr\bin\nio.dll
0x00007ff817c10000 - 0x00007ff817c2a000 	Z:\IntelliJ IDEA 2019.2\bin\breakgen64.dll
0x00007ff82e420000 - 0x00007ff82e4c2000 	C:\Windows\SYSTEM32\DNSAPI.dll
0x00007ff8309a0000 - 0x00007ff8309a8000 	C:\Windows\System32\NSI.dll
0x00007ff82e3e0000 - 0x00007ff82e418000 	C:\Windows\SYSTEM32\IPHLPAPI.DLL
0x00007ff825a90000 - 0x00007ff825a9a000 	C:\Windows\System32\rasadhlp.dll
0x00007ff8267f0000 - 0x00007ff82685a000 	C:\Windows\System32\fwpuclnt.dll
0x00007ff82ef60000 - 0x00007ff82ef8b000 	C:\Windows\SYSTEM32\bcrypt.dll
0x00007ff8229e0000 - 0x00007ff822a08000 	Z:\IntelliJ IDEA 2019.2\jbr\bin\sunec.dll
0x00007ff82eae0000 - 0x00007ff82eaf7000 	C:\Windows\SYSTEM32\CRYPTSP.dll
0x00007ff82e240000 - 0x00007ff82e273000 	C:\Windows\system32\rsaenh.dll
0x00007ff82e4f0000 - 0x00007ff82e50f000 	C:\Windows\SYSTEM32\USERENV.dll
0x00007ff82eb00000 - 0x00007ff82eb0b000 	C:\Windows\SYSTEM32\CRYPTBASE.dll
0x00007ff8273d0000 - 0x00007ff8273e6000 	C:\Windows\SYSTEM32\dhcpcsvc6.DLL
0x00007ff8273b0000 - 0x00007ff8273ca000 	C:\Windows\SYSTEM32\dhcpcsvc.DLL

dbghelp: loaded successfully - version: 4.0.5 - missing functions: none
symbol engine: initialized successfully - sym options: 0x614 - pdb path: .;Z:\IntelliJ IDEA 2019.2\jbr\bin;C:\Windows\SYSTEM32;C:\Windows\WinSxS\amd64_microsoft.windows.common-controls_6595b64144ccf1df_6.0.14393.3053_none_7de042968342015d;Z:\IntelliJ IDEA 2019.2\jbr\bin\server;Z:\IntelliJ IDEA 2019.2\bin

VM Arguments:
jvm_args: -ea -Didea.test.cyclic.buffer.size=1048576 -javaagent:Z:\IntelliJ IDEA 2019.2\lib\idea_rt.jar=56348:Z:\IntelliJ IDEA 2019.2\bin -Dfile.encoding=UTF-8 
java_command: com.intellij.rt.execution.junit.JUnitStarter -ideVersion5 -junit4 ua.com.prestaShopAutomationQatestlab.temp_off,Price
java_class_path (initial): Z:\IntelliJ IDEA 2019.2\lib\idea_rt.jar;Z:\IntelliJ IDEA 2019.2\plugins\junit\lib\junit-rt.jar;Z:\IntelliJ IDEA 2019.2\plugins\junit\lib\junit5-rt.jar;C:\Users\Professional\IdeaProjects\test_project\target\test-classes;C:\Users\Professional\.m2\repository\junit\junit\4.13\junit-4.13.jar;C:\Users\Professional\.m2\repository\org\hamcrest\hamcrest-core\1.3\hamcrest-core-1.3.jar;C:\Users\Professional\.m2\repository\org\seleniumhq\selenium\selenium-java\3.141.59\selenium-java-3.141.59.jar;C:\Users\Professional\.m2\repository\org\seleniumhq\selenium\selenium-api\3.141.59\selenium-api-3.141.59.jar;C:\Users\Professional\.m2\repository\org\seleniumhq\selenium\selenium-chrome-driver\3.141.59\selenium-chrome-driver-3.141.59.jar;C:\Users\Professional\.m2\repository\org\seleniumhq\selenium\selenium-edge-driver\3.141.59\selenium-edge-driver-3.141.59.jar;C:\Users\Professional\.m2\repository\org\seleniumhq\selenium\selenium-firefox-driver\3.141.59\selenium-firefox-driver-3.141.59.jar;C:\Users\Professional\.m2\repository\org\seleniumhq\selenium\selenium-ie-driver\3.141.59\selenium-ie-driver-3.141.59.jar;C:\Users\Professional\.m2\repository\org\seleniumhq\selenium\selenium-opera-driver\3.141.59\selenium-opera-driver-3.141.59.jar;C:\Users\Professional\.m2\repository\org\seleniumhq\selenium\selenium-remote-driver\3.141.59\selenium-remote-driver-3.141.59.jar;C:\Users\Professional\.m2\repository\org\seleniumhq\selenium\selenium-safari-driver\3.141.59\selenium-safari-driver-3.141.59.jar;C:\Users\Professional\.m2\repository\org\seleniumhq\selenium\selenium-support\3.141.59\selenium-support-3.141.59.jar;C:\Users\Professional\.m2\repository\net\bytebuddy\byte-buddy\1.8.15\byte-buddy-1.8.15.jar;C:\Users\Professional\.m2\repository\org\apache\commons\commons-exec\1.3\commons-exec-1.3.jar;C:\Users\Professional\.m2\repository\com\google\guava\guava\25.0-jre\guava-25.0-jre.jar;C:\Users\Professional\.m2\repository\com\google\code\findbugs\jsr305\1.3.9\jsr305-1.3.9.jar;
Launcher Type: SUN_STANDARD

[Global flags]
     intx CICompilerCount                          = 2                                         {product} {ergonomic}
     uint ConcGCThreads                            = 1                                         {product} {ergonomic}
     uint G1ConcRefinementThreads                  = 2                                         {product} {ergonomic}
   size_t G1HeapRegionSize                         = 1048576                                   {product} {ergonomic}
    uintx GCDrainStackTargetSize                   = 64                                        {product} {ergonomic}
   size_t InitialHeapSize                          = 161480704                                 {product} {ergonomic}
   size_t MarkStackSize                            = 4194304                                   {product} {ergonomic}
   size_t MaxHeapSize                              = 2579496960                                {product} {ergonomic}
   size_t MaxNewSize                               = 1547698176                                {product} {ergonomic}
   size_t MinHeapDeltaBytes                        = 1048576                                   {product} {ergonomic}
    uintx NonNMethodCodeHeapSize                   = 5824844                                {pd product} {ergonomic}
    uintx NonProfiledCodeHeapSize                  = 122916698                              {pd product} {ergonomic}
    uintx ProfiledCodeHeapSize                     = 122916698                              {pd product} {ergonomic}
    uintx ReservedCodeCacheSize                    = 251658240                              {pd product} {ergonomic}
     bool SegmentedCodeCache                       = true                                      {product} {ergonomic}
     bool UseCompressedClassPointers               = true                                 {lp64_product} {ergonomic}
     bool UseCompressedOops                        = true                                 {lp64_product} {ergonomic}
     bool UseG1GC                                  = true                                      {product} {ergonomic}
     bool UseLargePagesIndividualAllocation        = false                                  {pd product} {ergonomic}

Logging:
Log output configuration:
 #0: stdout all=warning uptime,level,tags
 #1: stderr all=off uptime,level,tags

Environment Variables:
PATH=Z:\IntelliJ IDEA 2019.2\jbr\\bin;Z:\IntelliJ IDEA 2019.2\jbr\\bin\server;C:\Program Files (x86)\Common Files\Oracle\Java\javapath;C:\Windows\system32;C:\Windows;C:\Windows\System32\Wbem;C:\Windows\System32\WindowsPowerShell\v1.0\;C:\Program Files (x86)\ATI Technologies\ATI.ACE\Core-Static;Z:\Git\cmd;C:\Program Files\MySQL\MySQL Shell 8.0\bin\;C:\Users\Professional\AppData\Local\Microsoft\WindowsApps;;Z:\IntelliJ IDEA 2019.2\bin;
USERNAME=Professional
OS=Windows_NT
PROCESSOR_IDENTIFIER=AMD64 Family 20 Model 2 Stepping 0, AuthenticAMD



---------------  S Y S T E M  ---------------

OS: Windows 10 , 64 bit Build 14393 (10.0.14393.2969)

CPU:total 2 (initial active 2) (2 cores per cpu, 1 threads per core) family 20 model 2 stepping 0, cmov, cx8, fxsr, mmx, sse, sse2, sse3, ssse3, popcnt, mmxext, lzcnt, sse4a, tsc, tscinvbit, tscinv

Memory: 4k page, system-wide physical 9832M (1133M free)
TotalPageFile size 11957M (AvailPageFile size 11M)
current process WorkingSet (physical memory assigned to process): 86M, peak: 86M
current process commit charge ("private bytes"): 238M, peak: 238M

vm_info: OpenJDK 64-Bit Server VM (11.0.3+12-b304.10) for windows-amd64 JRE (11.0.3+12-b304.10), built on Jun 25 2019 07:10:45 by "" with MS VC++ 14.0 (VS2015)

END.
