#
# There is insufficient memory for the Java Runtime Environment to continue.
# Native memory allocation (malloc) failed to allocate 32744 bytes for ChunkPool::allocate
# Possible reasons:
#   The system is out of physical RAM or swap space
#   The process is running with CompressedOops enabled, and the Java Heap may be blocking the growth of the native heap
# Possible solutions:
#   Reduce memory load on the system
#   Increase physical memory or swap space
#   Check if swap backing store is full
#   Decrease Java heap size (-Xmx/-Xms)
#   Decrease number of Java threads
#   Decrease Java thread stack sizes (-Xss)
#   Set larger code cache with -XX:ReservedCodeCacheSize=
#   JVM is running with Zero Based Compressed Oops mode in which the Java heap is
#     placed in the first 32GB address space. The Java Heap base address is the
#     maximum limit for the native heap growth. Please use -XX:HeapBaseMinAddress
#     to set the Java Heap base and to place the Java Heap above 32GB virtual address.
# This output file may be truncated or incomplete.
#
#  Out of Memory Error (c:/BuildAgent/work/494cbf65e275b67e/src/hotspot/share/memory/arena.cpp:81), pid=15820, tid=15924
#
# JRE version: OpenJDK Runtime Environment (11.0.3+12) (build 11.0.3+12-b304.10)
# Java VM: OpenJDK 64-Bit Server VM (11.0.3+12-b304.10, mixed mode, sharing, tiered, compressed oops, g1 gc, windows-amd64)
# No core dump will be written. Minidumps are not enabled by default on client versions of Windows
#

---------------  S U M M A R Y ------------

Command Line: -ea -Didea.test.cyclic.buffer.size=1048576 -javaagent:Z:\IntelliJ IDEA 2019.2\lib\idea_rt.jar=55186:Z:\IntelliJ IDEA 2019.2\bin -Dfile.encoding=UTF-8 com.intellij.rt.execution.junit.JUnitStarter -ideVersion5 -junit4 ua.com.prestaShopAutomationQatestlab.temp_off,Price

Host: AMD E-450 APU with Radeon(tm) HD Graphics, 2 cores, 9G,  Windows 10 , 64 bit Build 14393 (10.0.14393.2969)
Time: Sun Mar 15 23:21:30 2020 Oeieyiaey (ceia) elapsed time: 2 seconds (0d 0h 0m 2s)

---------------  T H R E A D  ---------------

Current thread (0x00000221ca80d800):  JavaThread "C1 CompilerThread0" daemon [_thread_in_native, id=15924, stack(0x000000f6abf00000,0x000000f6ac000000)]


Current CompileTask:
C1:   2848  548       3       java.net.URLStreamHandler::parseURL (1201 bytes)

Stack: [0x000000f6abf00000,0x000000f6ac000000]
Native frames: (J=compiled Java code, j=interpreted, Vv=VM code, C=native code)
V  [jvm.dll+0x5da77a]
V  [jvm.dll+0x70b9c9]
V  [jvm.dll+0x70cee8]
V  [jvm.dll+0x70d5b3]
V  [jvm.dll+0x23ddc8]
V  [jvm.dll+0xb956b]
V  [jvm.dll+0xb981c]
V  [jvm.dll+0x160ba9]
V  [jvm.dll+0x161a22]
V  [jvm.dll+0x161ad7]
V  [jvm.dll+0x163e49]
V  [jvm.dll+0x165de4]
V  [jvm.dll+0x11fbec]
V  [jvm.dll+0x11f6f9]
V  [jvm.dll+0x11f863]
V  [jvm.dll+0x11eb77]
V  [jvm.dll+0x120747]
V  [jvm.dll+0x204e17]
V  [jvm.dll+0x2036b2]
V  [jvm.dll+0x6d885f]
V  [jvm.dll+0x6d165d]
V  [jvm.dll+0x5d9a56]
C  [ucrtbase.dll+0x1f4a0]
C  [KERNEL32.DLL+0x84d4]
C  [ntdll.dll+0x6e8b1]


---------------  P R O C E S S  ---------------

Threads class SMR info:
_java_thread_list=0x00000221cb362c20, length=11, elements={
0x00000221af58e000, 0x00000221ca7e6000, 0x00000221ca7e9000, 0x00000221ca807000,
0x00000221ca808800, 0x00000221ca80a800, 0x00000221ca80d800, 0x00000221cb170800,
0x00000221cb272800, 0x00000221cb302800, 0x00000221cb303800
}

Java Threads: ( => current thread )
  0x00000221af58e000 JavaThread "main" [_thread_in_Java, id=14760, stack(0x000000f6ab300000,0x000000f6ab400000)]
  0x00000221ca7e6000 JavaThread "Reference Handler" daemon [_thread_blocked, id=11892, stack(0x000000f6aba00000,0x000000f6abb00000)]
  0x00000221ca7e9000 JavaThread "Finalizer" daemon [_thread_blocked, id=13840, stack(0x000000f6abb00000,0x000000f6abc00000)]
  0x00000221ca807000 JavaThread "Signal Dispatcher" daemon [_thread_blocked, id=17356, stack(0x000000f6abc00000,0x000000f6abd00000)]
  0x00000221ca808800 JavaThread "Attach Listener" daemon [_thread_blocked, id=15768, stack(0x000000f6abd00000,0x000000f6abe00000)]
  0x00000221ca80a800 JavaThread "C2 CompilerThread0" daemon [_thread_blocked, id=16040, stack(0x000000f6abe00000,0x000000f6abf00000)]
=>0x00000221ca80d800 JavaThread "C1 CompilerThread0" daemon [_thread_in_native, id=15924, stack(0x000000f6abf00000,0x000000f6ac000000)]
  0x00000221cb170800 JavaThread "Sweeper thread" daemon [_thread_blocked, id=13140, stack(0x000000f6ac000000,0x000000f6ac100000)]
  0x00000221cb272800 JavaThread "Common-Cleaner" daemon [_thread_blocked, id=8724, stack(0x000000f6ac100000,0x000000f6ac200000)]
  0x00000221cb302800 JavaThread "Monitor Ctrl-Break" daemon [_thread_in_native, id=10464, stack(0x000000f6ac200000,0x000000f6ac300000)]
  0x00000221cb303800 JavaThread "Service Thread" daemon [_thread_blocked, id=12512, stack(0x000000f6ac300000,0x000000f6ac400000)]

Other Threads:
  0x00000221ca7e2000 VMThread "VM Thread" [stack: 0x000000f6ab900000,0x000000f6aba00000] [id=16216]
  0x00000221cb30f800 WatcherThread [stack: 0x000000f6ac400000,0x000000f6ac500000] [id=16144]
  0x00000221af5a4800 GCTaskThread "GC Thread#0" [stack: 0x000000f6ab400000,0x000000f6ab500000] [id=16456]
  0x00000221af5dc800 ConcurrentGCThread "G1 Main Marker" [stack: 0x000000f6ab500000,0x000000f6ab600000] [id=15448]
  0x00000221af5de000 ConcurrentGCThread "G1 Conc#0" [stack: 0x000000f6ab600000,0x000000f6ab700000] [id=16292]
  0x00000221ca67a800 ConcurrentGCThread "G1 Refine#0" [stack: 0x000000f6ab700000,0x000000f6ab800000] [id=6220]
  0x00000221ca67b800 ConcurrentGCThread "G1 Young RemSet Sampling" [stack: 0x000000f6ab800000,0x000000f6ab900000] [id=13932]

Threads with active compile tasks:
C1 CompilerThread0 548       3       java.net.URLStreamHandler::parseURL (1201 bytes)

VM state:not at safepoint (normal execution)

VM Mutex/Monitor currently owned by a thread: None

Heap address: 0x0000000766400000, size: 2460 MB, Compressed Oops mode: Zero based, Oop shift amount: 3
Narrow klass base: 0x0000000800000000, Narrow klass shift: 3
Compressed class space size: 1073741824 Address: 0x0000000840000000

Heap:
 garbage-first heap   total 157696K, used 6144K [0x0000000766400000, 0x0000000800000000)
  region size 1024K, 7 young (7168K), 0 survivors (0K)
 Metaspace       used 2319K, capacity 5247K, committed 5504K, reserved 1056768K
  class space    used 263K, capacity 537K, committed 640K, reserved 1048576K
Heap Regions: E=young(eden), S=young(survivor), O=old, HS=humongous(starts), HC=humongous(continues), CS=collection set, F=free, A=archive, TAMS=top-at-mark-start (previous, next)
|   0|0x0000000766400000, 0x0000000766400000, 0x0000000766500000|  0%| F|  |TAMS 0x0000000766400000, 0x0000000766400000| Untracked 
|   1|0x0000000766500000, 0x0000000766500000, 0x0000000766600000|  0%| F|  |TAMS 0x0000000766500000, 0x0000000766500000| Untracked 
|   2|0x0000000766600000, 0x0000000766600000, 0x0000000766700000|  0%| F|  |TAMS 0x0000000766600000, 0x0000000766600000| Untracked 
|   3|0x0000000766700000, 0x0000000766700000, 0x0000000766800000|  0%| F|  |TAMS 0x0000000766700000, 0x0000000766700000| Untracked 
|   4|0x0000000766800000, 0x0000000766800000, 0x0000000766900000|  0%| F|  |TAMS 0x0000000766800000, 0x0000000766800000| Untracked 
|   5|0x0000000766900000, 0x0000000766900000, 0x0000000766a00000|  0%| F|  |TAMS 0x0000000766900000, 0x0000000766900000| Untracked 
|   6|0x0000000766a00000, 0x0000000766a00000, 0x0000000766b00000|  0%| F|  |TAMS 0x0000000766a00000, 0x0000000766a00000| Untracked 
|   7|0x0000000766b00000, 0x0000000766b00000, 0x0000000766c00000|  0%| F|  |TAMS 0x0000000766b00000, 0x0000000766b00000| Untracked 
|   8|0x0000000766c00000, 0x0000000766c00000, 0x0000000766d00000|  0%| F|  |TAMS 0x0000000766c00000, 0x0000000766c00000| Untracked 
|   9|0x0000000766d00000, 0x0000000766d00000, 0x0000000766e00000|  0%| F|  |TAMS 0x0000000766d00000, 0x0000000766d00000| Untracked 
|  10|0x0000000766e00000, 0x0000000766e00000, 0x0000000766f00000|  0%| F|  |TAMS 0x0000000766e00000, 0x0000000766e00000| Untracked 
|  11|0x0000000766f00000, 0x0000000766f00000, 0x0000000767000000|  0%| F|  |TAMS 0x0000000766f00000, 0x0000000766f00000| Untracked 
|  12|0x0000000767000000, 0x0000000767000000, 0x0000000767100000|  0%| F|  |TAMS 0x0000000767000000, 0x0000000767000000| Untracked 
|  13|0x0000000767100000, 0x0000000767100000, 0x0000000767200000|  0%| F|  |TAMS 0x0000000767100000, 0x0000000767100000| Untracked 
|  14|0x0000000767200000, 0x0000000767200000, 0x0000000767300000|  0%| F|  |TAMS 0x0000000767200000, 0x0000000767200000| Untracked 
|  15|0x0000000767300000, 0x0000000767300000, 0x0000000767400000|  0%| F|  |TAMS 0x0000000767300000, 0x0000000767300000| Untracked 
|  16|0x0000000767400000, 0x0000000767400000, 0x0000000767500000|  0%| F|  |TAMS 0x0000000767400000, 0x0000000767400000| Untracked 
|  17|0x0000000767500000, 0x0000000767500000, 0x0000000767600000|  0%| F|  |TAMS 0x0000000767500000, 0x0000000767500000| Untracked 
|  18|0x0000000767600000, 0x0000000767600000, 0x0000000767700000|  0%| F|  |TAMS 0x0000000767600000, 0x0000000767600000| Untracked 
|  19|0x0000000767700000, 0x0000000767700000, 0x0000000767800000|  0%| F|  |TAMS 0x0000000767700000, 0x0000000767700000| Untracked 
|  20|0x0000000767800000, 0x0000000767800000, 0x0000000767900000|  0%| F|  |TAMS 0x0000000767800000, 0x0000000767800000| Untracked 
|  21|0x0000000767900000, 0x0000000767900000, 0x0000000767a00000|  0%| F|  |TAMS 0x0000000767900000, 0x0000000767900000| Untracked 
|  22|0x0000000767a00000, 0x0000000767a00000, 0x0000000767b00000|  0%| F|  |TAMS 0x0000000767a00000, 0x0000000767a00000| Untracked 
|  23|0x0000000767b00000, 0x0000000767b00000, 0x0000000767c00000|  0%| F|  |TAMS 0x0000000767b00000, 0x0000000767b00000| Untracked 
|  24|0x0000000767c00000, 0x0000000767c00000, 0x0000000767d00000|  0%| F|  |TAMS 0x0000000767c00000, 0x0000000767c00000| Untracked 
|  25|0x0000000767d00000, 0x0000000767d00000, 0x0000000767e00000|  0%| F|  |TAMS 0x0000000767d00000, 0x0000000767d00000| Untracked 
|  26|0x0000000767e00000, 0x0000000767e00000, 0x0000000767f00000|  0%| F|  |TAMS 0x0000000767e00000, 0x0000000767e00000| Untracked 
|  27|0x0000000767f00000, 0x0000000767f00000, 0x0000000768000000|  0%| F|  |TAMS 0x0000000767f00000, 0x0000000767f00000| Untracked 
|  28|0x0000000768000000, 0x0000000768000000, 0x0000000768100000|  0%| F|  |TAMS 0x0000000768000000, 0x0000000768000000| Untracked 
|  29|0x0000000768100000, 0x0000000768100000, 0x0000000768200000|  0%| F|  |TAMS 0x0000000768100000, 0x0000000768100000| Untracked 
|  30|0x0000000768200000, 0x0000000768200000, 0x0000000768300000|  0%| F|  |TAMS 0x0000000768200000, 0x0000000768200000| Untracked 
|  31|0x0000000768300000, 0x0000000768300000, 0x0000000768400000|  0%| F|  |TAMS 0x0000000768300000, 0x0000000768300000| Untracked 
|  32|0x0000000768400000, 0x0000000768400000, 0x0000000768500000|  0%| F|  |TAMS 0x0000000768400000, 0x0000000768400000| Untracked 
|  33|0x0000000768500000, 0x0000000768500000, 0x0000000768600000|  0%| F|  |TAMS 0x0000000768500000, 0x0000000768500000| Untracked 
|  34|0x0000000768600000, 0x0000000768600000, 0x0000000768700000|  0%| F|  |TAMS 0x0000000768600000, 0x0000000768600000| Untracked 
|  35|0x0000000768700000, 0x0000000768700000, 0x0000000768800000|  0%| F|  |TAMS 0x0000000768700000, 0x0000000768700000| Untracked 
|  36|0x0000000768800000, 0x0000000768800000, 0x0000000768900000|  0%| F|  |TAMS 0x0000000768800000, 0x0000000768800000| Untracked 
|  37|0x0000000768900000, 0x0000000768900000, 0x0000000768a00000|  0%| F|  |TAMS 0x0000000768900000, 0x0000000768900000| Untracked 
|  38|0x0000000768a00000, 0x0000000768a00000, 0x0000000768b00000|  0%| F|  |TAMS 0x0000000768a00000, 0x0000000768a00000| Untracked 
|  39|0x0000000768b00000, 0x0000000768b00000, 0x0000000768c00000|  0%| F|  |TAMS 0x0000000768b00000, 0x0000000768b00000| Untracked 
|  40|0x0000000768c00000, 0x0000000768c00000, 0x0000000768d00000|  0%| F|  |TAMS 0x0000000768c00000, 0x0000000768c00000| Untracked 
|  41|0x0000000768d00000, 0x0000000768d00000, 0x0000000768e00000|  0%| F|  |TAMS 0x0000000768d00000, 0x0000000768d00000| Untracked 
|  42|0x0000000768e00000, 0x0000000768e00000, 0x0000000768f00000|  0%| F|  |TAMS 0x0000000768e00000, 0x0000000768e00000| Untracked 
|  43|0x0000000768f00000, 0x0000000768f00000, 0x0000000769000000|  0%| F|  |TAMS 0x0000000768f00000, 0x0000000768f00000| Untracked 
|  44|0x0000000769000000, 0x0000000769000000, 0x0000000769100000|  0%| F|  |TAMS 0x0000000769000000, 0x0000000769000000| Untracked 
|  45|0x0000000769100000, 0x0000000769100000, 0x0000000769200000|  0%| F|  |TAMS 0x0000000769100000, 0x0000000769100000| Untracked 
|  46|0x0000000769200000, 0x0000000769200000, 0x0000000769300000|  0%| F|  |TAMS 0x0000000769200000, 0x0000000769200000| Untracked 
|  47|0x0000000769300000, 0x0000000769300000, 0x0000000769400000|  0%| F|  |TAMS 0x0000000769300000, 0x0000000769300000| Untracked 
|  48|0x0000000769400000, 0x0000000769400000, 0x0000000769500000|  0%| F|  |TAMS 0x0000000769400000, 0x0000000769400000| Untracked 
|  49|0x0000000769500000, 0x0000000769500000, 0x0000000769600000|  0%| F|  |TAMS 0x0000000769500000, 0x0000000769500000| Untracked 
|  50|0x0000000769600000, 0x0000000769600000, 0x0000000769700000|  0%| F|  |TAMS 0x0000000769600000, 0x0000000769600000| Untracked 
|  51|0x0000000769700000, 0x0000000769700000, 0x0000000769800000|  0%| F|  |TAMS 0x0000000769700000, 0x0000000769700000| Untracked 
|  52|0x0000000769800000, 0x0000000769800000, 0x0000000769900000|  0%| F|  |TAMS 0x0000000769800000, 0x0000000769800000| Untracked 
|  53|0x0000000769900000, 0x0000000769900000, 0x0000000769a00000|  0%| F|  |TAMS 0x0000000769900000, 0x0000000769900000| Untracked 
|  54|0x0000000769a00000, 0x0000000769a00000, 0x0000000769b00000|  0%| F|  |TAMS 0x0000000769a00000, 0x0000000769a00000| Untracked 
|  55|0x0000000769b00000, 0x0000000769b00000, 0x0000000769c00000|  0%| F|  |TAMS 0x0000000769b00000, 0x0000000769b00000| Untracked 
|  56|0x0000000769c00000, 0x0000000769c00000, 0x0000000769d00000|  0%| F|  |TAMS 0x0000000769c00000, 0x0000000769c00000| Untracked 
|  57|0x0000000769d00000, 0x0000000769d00000, 0x0000000769e00000|  0%| F|  |TAMS 0x0000000769d00000, 0x0000000769d00000| Untracked 
|  58|0x0000000769e00000, 0x0000000769e00000, 0x0000000769f00000|  0%| F|  |TAMS 0x0000000769e00000, 0x0000000769e00000| Untracked 
|  59|0x0000000769f00000, 0x0000000769f00000, 0x000000076a000000|  0%| F|  |TAMS 0x0000000769f00000, 0x0000000769f00000| Untracked 
|  60|0x000000076a000000, 0x000000076a000000, 0x000000076a100000|  0%| F|  |TAMS 0x000000076a000000, 0x000000076a000000| Untracked 
|  61|0x000000076a100000, 0x000000076a100000, 0x000000076a200000|  0%| F|  |TAMS 0x000000076a100000, 0x000000076a100000| Untracked 
|  62|0x000000076a200000, 0x000000076a200000, 0x000000076a300000|  0%| F|  |TAMS 0x000000076a200000, 0x000000076a200000| Untracked 
|  63|0x000000076a300000, 0x000000076a300000, 0x000000076a400000|  0%| F|  |TAMS 0x000000076a300000, 0x000000076a300000| Untracked 
|  64|0x000000076a400000, 0x000000076a400000, 0x000000076a500000|  0%| F|  |TAMS 0x000000076a400000, 0x000000076a400000| Untracked 
|  65|0x000000076a500000, 0x000000076a500000, 0x000000076a600000|  0%| F|  |TAMS 0x000000076a500000, 0x000000076a500000| Untracked 
|  66|0x000000076a600000, 0x000000076a600000, 0x000000076a700000|  0%| F|  |TAMS 0x000000076a600000, 0x000000076a600000| Untracked 
|  67|0x000000076a700000, 0x000000076a700000, 0x000000076a800000|  0%| F|  |TAMS 0x000000076a700000, 0x000000076a700000| Untracked 
|  68|0x000000076a800000, 0x000000076a800000, 0x000000076a900000|  0%| F|  |TAMS 0x000000076a800000, 0x000000076a800000| Untracked 
|  69|0x000000076a900000, 0x000000076a900000, 0x000000076aa00000|  0%| F|  |TAMS 0x000000076a900000, 0x000000076a900000| Untracked 
|  70|0x000000076aa00000, 0x000000076aa00000, 0x000000076ab00000|  0%| F|  |TAMS 0x000000076aa00000, 0x000000076aa00000| Untracked 
|  71|0x000000076ab00000, 0x000000076ab00000, 0x000000076ac00000|  0%| F|  |TAMS 0x000000076ab00000, 0x000000076ab00000| Untracked 
|  72|0x000000076ac00000, 0x000000076ac00000, 0x000000076ad00000|  0%| F|  |TAMS 0x000000076ac00000, 0x000000076ac00000| Untracked 
|  73|0x000000076ad00000, 0x000000076ad00000, 0x000000076ae00000|  0%| F|  |TAMS 0x000000076ad00000, 0x000000076ad00000| Untracked 
|  74|0x000000076ae00000, 0x000000076ae00000, 0x000000076af00000|  0%| F|  |TAMS 0x000000076ae00000, 0x000000076ae00000| Untracked 
|  75|0x000000076af00000, 0x000000076af00000, 0x000000076b000000|  0%| F|  |TAMS 0x000000076af00000, 0x000000076af00000| Untracked 
|  76|0x000000076b000000, 0x000000076b000000, 0x000000076b100000|  0%| F|  |TAMS 0x000000076b000000, 0x000000076b000000| Untracked 
|  77|0x000000076b100000, 0x000000076b100000, 0x000000076b200000|  0%| F|  |TAMS 0x000000076b100000, 0x000000076b100000| Untracked 
|  78|0x000000076b200000, 0x000000076b200000, 0x000000076b300000|  0%| F|  |TAMS 0x000000076b200000, 0x000000076b200000| Untracked 
|  79|0x000000076b300000, 0x000000076b300000, 0x000000076b400000|  0%| F|  |TAMS 0x000000076b300000, 0x000000076b300000| Untracked 
|  80|0x000000076b400000, 0x000000076b400000, 0x000000076b500000|  0%| F|  |TAMS 0x000000076b400000, 0x000000076b400000| Untracked 
|  81|0x000000076b500000, 0x000000076b500000, 0x000000076b600000|  0%| F|  |TAMS 0x000000076b500000, 0x000000076b500000| Untracked 
|  82|0x000000076b600000, 0x000000076b600000, 0x000000076b700000|  0%| F|  |TAMS 0x000000076b600000, 0x000000076b600000| Untracked 
|  83|0x000000076b700000, 0x000000076b700000, 0x000000076b800000|  0%| F|  |TAMS 0x000000076b700000, 0x000000076b700000| Untracked 
|  84|0x000000076b800000, 0x000000076b800000, 0x000000076b900000|  0%| F|  |TAMS 0x000000076b800000, 0x000000076b800000| Untracked 
|  85|0x000000076b900000, 0x000000076b900000, 0x000000076ba00000|  0%| F|  |TAMS 0x000000076b900000, 0x000000076b900000| Untracked 
|  86|0x000000076ba00000, 0x000000076ba00000, 0x000000076bb00000|  0%| F|  |TAMS 0x000000076ba00000, 0x000000076ba00000| Untracked 
|  87|0x000000076bb00000, 0x000000076bb00000, 0x000000076bc00000|  0%| F|  |TAMS 0x000000076bb00000, 0x000000076bb00000| Untracked 
|  88|0x000000076bc00000, 0x000000076bc00000, 0x000000076bd00000|  0%| F|  |TAMS 0x000000076bc00000, 0x000000076bc00000| Untracked 
|  89|0x000000076bd00000, 0x000000076bd00000, 0x000000076be00000|  0%| F|  |TAMS 0x000000076bd00000, 0x000000076bd00000| Untracked 
|  90|0x000000076be00000, 0x000000076be00000, 0x000000076bf00000|  0%| F|  |TAMS 0x000000076be00000, 0x000000076be00000| Untracked 
|  91|0x000000076bf00000, 0x000000076bf00000, 0x000000076c000000|  0%| F|  |TAMS 0x000000076bf00000, 0x000000076bf00000| Untracked 
|  92|0x000000076c000000, 0x000000076c000000, 0x000000076c100000|  0%| F|  |TAMS 0x000000076c000000, 0x000000076c000000| Untracked 
|  93|0x000000076c100000, 0x000000076c100000, 0x000000076c200000|  0%| F|  |TAMS 0x000000076c100000, 0x000000076c100000| Untracked 
|  94|0x000000076c200000, 0x000000076c200000, 0x000000076c300000|  0%| F|  |TAMS 0x000000076c200000, 0x000000076c200000| Untracked 
|  95|0x000000076c300000, 0x000000076c300000, 0x000000076c400000|  0%| F|  |TAMS 0x000000076c300000, 0x000000076c300000| Untracked 
|  96|0x000000076c400000, 0x000000076c400000, 0x000000076c500000|  0%| F|  |TAMS 0x000000076c400000, 0x000000076c400000| Untracked 
|  97|0x000000076c500000, 0x000000076c500000, 0x000000076c600000|  0%| F|  |TAMS 0x000000076c500000, 0x000000076c500000| Untracked 
|  98|0x000000076c600000, 0x000000076c600000, 0x000000076c700000|  0%| F|  |TAMS 0x000000076c600000, 0x000000076c600000| Untracked 
|  99|0x000000076c700000, 0x000000076c700000, 0x000000076c800000|  0%| F|  |TAMS 0x000000076c700000, 0x000000076c700000| Untracked 
| 100|0x000000076c800000, 0x000000076c800000, 0x000000076c900000|  0%| F|  |TAMS 0x000000076c800000, 0x000000076c800000| Untracked 
| 101|0x000000076c900000, 0x000000076c900000, 0x000000076ca00000|  0%| F|  |TAMS 0x000000076c900000, 0x000000076c900000| Untracked 
| 102|0x000000076ca00000, 0x000000076ca00000, 0x000000076cb00000|  0%| F|  |TAMS 0x000000076ca00000, 0x000000076ca00000| Untracked 
| 103|0x000000076cb00000, 0x000000076cb00000, 0x000000076cc00000|  0%| F|  |TAMS 0x000000076cb00000, 0x000000076cb00000| Untracked 
| 104|0x000000076cc00000, 0x000000076cc00000, 0x000000076cd00000|  0%| F|  |TAMS 0x000000076cc00000, 0x000000076cc00000| Untracked 
| 105|0x000000076cd00000, 0x000000076cd00000, 0x000000076ce00000|  0%| F|  |TAMS 0x000000076cd00000, 0x000000076cd00000| Untracked 
| 106|0x000000076ce00000, 0x000000076ce00000, 0x000000076cf00000|  0%| F|  |TAMS 0x000000076ce00000, 0x000000076ce00000| Untracked 
| 107|0x000000076cf00000, 0x000000076cf00000, 0x000000076d000000|  0%| F|  |TAMS 0x000000076cf00000, 0x000000076cf00000| Untracked 
| 108|0x000000076d000000, 0x000000076d000000, 0x000000076d100000|  0%| F|  |TAMS 0x000000076d000000, 0x000000076d000000| Untracked 
| 109|0x000000076d100000, 0x000000076d100000, 0x000000076d200000|  0%| F|  |TAMS 0x000000076d100000, 0x000000076d100000| Untracked 
| 110|0x000000076d200000, 0x000000076d200000, 0x000000076d300000|  0%| F|  |TAMS 0x000000076d200000, 0x000000076d200000| Untracked 
| 111|0x000000076d300000, 0x000000076d300000, 0x000000076d400000|  0%| F|  |TAMS 0x000000076d300000, 0x000000076d300000| Untracked 
| 112|0x000000076d400000, 0x000000076d400000, 0x000000076d500000|  0%| F|  |TAMS 0x000000076d400000, 0x000000076d400000| Untracked 
| 113|0x000000076d500000, 0x000000076d500000, 0x000000076d600000|  0%| F|  |TAMS 0x000000076d500000, 0x000000076d500000| Untracked 
| 114|0x000000076d600000, 0x000000076d600000, 0x000000076d700000|  0%| F|  |TAMS 0x000000076d600000, 0x000000076d600000| Untracked 
| 115|0x000000076d700000, 0x000000076d700000, 0x000000076d800000|  0%| F|  |TAMS 0x000000076d700000, 0x000000076d700000| Untracked 
| 116|0x000000076d800000, 0x000000076d800000, 0x000000076d900000|  0%| F|  |TAMS 0x000000076d800000, 0x000000076d800000| Untracked 
| 117|0x000000076d900000, 0x000000076d900000, 0x000000076da00000|  0%| F|  |TAMS 0x000000076d900000, 0x000000076d900000| Untracked 
| 118|0x000000076da00000, 0x000000076da00000, 0x000000076db00000|  0%| F|  |TAMS 0x000000076da00000, 0x000000076da00000| Untracked 
| 119|0x000000076db00000, 0x000000076db00000, 0x000000076dc00000|  0%| F|  |TAMS 0x000000076db00000, 0x000000076db00000| Untracked 
| 120|0x000000076dc00000, 0x000000076dc00000, 0x000000076dd00000|  0%| F|  |TAMS 0x000000076dc00000, 0x000000076dc00000| Untracked 
| 121|0x000000076dd00000, 0x000000076dd00000, 0x000000076de00000|  0%| F|  |TAMS 0x000000076dd00000, 0x000000076dd00000| Untracked 
| 122|0x000000076de00000, 0x000000076de00000, 0x000000076df00000|  0%| F|  |TAMS 0x000000076de00000, 0x000000076de00000| Untracked 
| 123|0x000000076df00000, 0x000000076df00000, 0x000000076e000000|  0%| F|  |TAMS 0x000000076df00000, 0x000000076df00000| Untracked 
| 124|0x000000076e000000, 0x000000076e000000, 0x000000076e100000|  0%| F|  |TAMS 0x000000076e000000, 0x000000076e000000| Untracked 
| 125|0x000000076e100000, 0x000000076e100000, 0x000000076e200000|  0%| F|  |TAMS 0x000000076e100000, 0x000000076e100000| Untracked 
| 126|0x000000076e200000, 0x000000076e200000, 0x000000076e300000|  0%| F|  |TAMS 0x000000076e200000, 0x000000076e200000| Untracked 
| 127|0x000000076e300000, 0x000000076e300000, 0x000000076e400000|  0%| F|  |TAMS 0x000000076e300000, 0x000000076e300000| Untracked 
| 128|0x000000076e400000, 0x000000076e400000, 0x000000076e500000|  0%| F|  |TAMS 0x000000076e400000, 0x000000076e400000| Untracked 
| 129|0x000000076e500000, 0x000000076e500000, 0x000000076e600000|  0%| F|  |TAMS 0x000000076e500000, 0x000000076e500000| Untracked 
| 130|0x000000076e600000, 0x000000076e600000, 0x000000076e700000|  0%| F|  |TAMS 0x000000076e600000, 0x000000076e600000| Untracked 
| 131|0x000000076e700000, 0x000000076e700000, 0x000000076e800000|  0%| F|  |TAMS 0x000000076e700000, 0x000000076e700000| Untracked 
| 132|0x000000076e800000, 0x000000076e800000, 0x000000076e900000|  0%| F|  |TAMS 0x000000076e800000, 0x000000076e800000| Untracked 
| 133|0x000000076e900000, 0x000000076e900000, 0x000000076ea00000|  0%| F|  |TAMS 0x000000076e900000, 0x000000076e900000| Untracked 
| 134|0x000000076ea00000, 0x000000076ea00000, 0x000000076eb00000|  0%| F|  |TAMS 0x000000076ea00000, 0x000000076ea00000| Untracked 
| 135|0x000000076eb00000, 0x000000076eb00000, 0x000000076ec00000|  0%| F|  |TAMS 0x000000076eb00000, 0x000000076eb00000| Untracked 
| 136|0x000000076ec00000, 0x000000076ec00000, 0x000000076ed00000|  0%| F|  |TAMS 0x000000076ec00000, 0x000000076ec00000| Untracked 
| 137|0x000000076ed00000, 0x000000076ed00000, 0x000000076ee00000|  0%| F|  |TAMS 0x000000076ed00000, 0x000000076ed00000| Untracked 
| 138|0x000000076ee00000, 0x000000076ee00000, 0x000000076ef00000|  0%| F|  |TAMS 0x000000076ee00000, 0x000000076ee00000| Untracked 
| 139|0x000000076ef00000, 0x000000076ef00000, 0x000000076f000000|  0%| F|  |TAMS 0x000000076ef00000, 0x000000076ef00000| Untracked 
| 140|0x000000076f000000, 0x000000076f000000, 0x000000076f100000|  0%| F|  |TAMS 0x000000076f000000, 0x000000076f000000| Untracked 
| 141|0x000000076f100000, 0x000000076f100000, 0x000000076f200000|  0%| F|  |TAMS 0x000000076f100000, 0x000000076f100000| Untracked 
| 142|0x000000076f200000, 0x000000076f200000, 0x000000076f300000|  0%| F|  |TAMS 0x000000076f200000, 0x000000076f200000| Untracked 
| 143|0x000000076f300000, 0x000000076f300000, 0x000000076f400000|  0%| F|  |TAMS 0x000000076f300000, 0x000000076f300000| Untracked 
| 144|0x000000076f400000, 0x000000076f400000, 0x000000076f500000|  0%| F|  |TAMS 0x000000076f400000, 0x000000076f400000| Untracked 
| 145|0x000000076f500000, 0x000000076f500000, 0x000000076f600000|  0%| F|  |TAMS 0x000000076f500000, 0x000000076f500000| Untracked 
| 146|0x000000076f600000, 0x000000076f600000, 0x000000076f700000|  0%| F|  |TAMS 0x000000076f600000, 0x000000076f600000| Untracked 
| 147|0x000000076f700000, 0x000000076f76c110, 0x000000076f800000| 42%| E|  |TAMS 0x000000076f700000, 0x000000076f700000| Complete 
| 148|0x000000076f800000, 0x000000076f900000, 0x000000076f900000|100%| E|CS|TAMS 0x000000076f800000, 0x000000076f800000| Complete 
| 149|0x000000076f900000, 0x000000076fa00000, 0x000000076fa00000|100%| E|CS|TAMS 0x000000076f900000, 0x000000076f900000| Complete 
| 150|0x000000076fa00000, 0x000000076fb00000, 0x000000076fb00000|100%| E|CS|TAMS 0x000000076fa00000, 0x000000076fa00000| Complete 
| 151|0x000000076fb00000, 0x000000076fc00000, 0x000000076fc00000|100%| E|CS|TAMS 0x000000076fb00000, 0x000000076fb00000| Complete 
| 152|0x000000076fc00000, 0x000000076fd00000, 0x000000076fd00000|100%| E|CS|TAMS 0x000000076fc00000, 0x000000076fc00000| Complete 
| 153|0x000000076fd00000, 0x000000076fe00000, 0x000000076fe00000|100%| E|CS|TAMS 0x000000076fd00000, 0x000000076fd00000| Complete 

Card table byte_map: [0x00000221c2d70000,0x00000221c3240000] _byte_map_base: 0x00000221bf23e000

Marking Bits (Prev, Next): (CMBitMap*) 0x00000221af5d22b8, (CMBitMap*) 0x00000221af5d22f0
 Prev Bits: [0x00000221c3710000, 0x00000221c5d80000)
 Next Bits: [0x00000221c5d80000, 0x00000221c83f0000)

Polling page: 0x00000221adce0000

Metaspace:

Usage:
  Non-class:      4.60 MB capacity,     2.02 MB ( 44%) used,     2.58 MB ( 56%) free+waste,     5.94 KB ( <1%) overhead. 
      Class:    538.00 KB capacity,   265.48 KB ( 49%) used,   269.02 KB ( 50%) free+waste,     3.50 KB ( <1%) overhead. 
       Both:      5.13 MB capacity,     2.28 MB ( 44%) used,     2.84 MB ( 55%) free+waste,     9.44 KB ( <1%) overhead. 

Virtual space:
  Non-class space:        8.00 MB reserved,       4.75 MB ( 59%) committed 
      Class space:        1.00 GB reserved,     640.00 KB ( <1%) committed 
             Both:        1.01 GB reserved,       5.38 MB ( <1%) committed 

Chunk freelists:
   Non-Class:  24.00 KB
       Class:  6.00 KB
        Both:  30.00 KB

CodeHeap 'non-profiled nmethods': size=120064Kb used=178Kb max_used=178Kb free=119885Kb
 bounds [0x00000221baf60000, 0x00000221bb1d0000, 0x00000221c24a0000]
CodeHeap 'profiled nmethods': size=120000Kb used=885Kb max_used=885Kb free=119115Kb
 bounds [0x00000221b3a30000, 0x00000221b3ca0000, 0x00000221baf60000]
CodeHeap 'non-nmethods': size=5696Kb used=1068Kb max_used=1080Kb free=4627Kb
 bounds [0x00000221b34a0000, 0x00000221b3710000, 0x00000221b3a30000]
 total_blobs=1050 nmethods=551 adapters=272
 compilation: enabled
              stopped_count=0, restarted_count=0
 full_count=0

Compilation events (10 events):
Event: 2.767 Thread 0x00000221ca80d800 nmethod 544 0x00000221baf8b210 code [0x00000221baf8b3c0, 0x00000221baf8b4f8]
Event: 2.779 Thread 0x00000221ca80a800  545       4       java.util.Arrays::copyOfRange (63 bytes)
Event: 2.784 Thread 0x00000221ca80d800  546   !   3       java.net.URL::set (114 bytes)
Event: 2.786 Thread 0x00000221ca80a800 nmethod 545 0x00000221baf8b590 code [0x00000221baf8b720, 0x00000221baf8b958]
Event: 2.788 Thread 0x00000221ca80d800 nmethod 546 0x00000221b3b0b990 code [0x00000221b3b0bc20, 0x00000221b3b0cac0]
Event: 2.794 Thread 0x00000221ca80d800  547       3       sun.net.www.protocol.file.Handler::parseURL (18 bytes)
Event: 2.795 Thread 0x00000221ca80d800 nmethod 547 0x00000221b3b0cf10 code [0x00000221b3b0d0e0, 0x00000221b3b0d300]
Event: 2.795 Thread 0x00000221ca80d800  548       3       java.net.URLStreamHandler::parseURL (1201 bytes)
Event: 2.796 Thread 0x00000221ca80a800  549       4       java.lang.StringLatin1::indexOf (121 bytes)
Event: 2.829 Thread 0x00000221ca80a800 nmethod 549 0x00000221baf8ba90 code [0x00000221baf8bc40, 0x00000221baf8c018]

GC Heap History (0 events):
No events

Deoptimization events (4 events):
Event: 0.853 Thread 0x00000221af58e000 Uncommon trap: reason=unstable_if action=reinterpret pc=0x00000221baf6d8f0 method=java.util.HashMap.putVal(ILjava/lang/Object;Ljava/lang/Object;ZZ)Ljava/lang/Object; @ 69 c2
Event: 1.257 Thread 0x00000221ca808800 Uncommon trap: reason=unstable_if action=reinterpret pc=0x00000221baf61ca4 method=java.lang.String.isLatin1()Z @ 10 c2
Event: 1.596 Thread 0x00000221af58e000 Uncommon trap: reason=unstable_if action=reinterpret pc=0x00000221baf7c810 method=java.io.WinNTFileSystem.isSlash(C)Z @ 9 c2
Event: 1.872 Thread 0x00000221af58e000 Uncommon trap: reason=unstable_if action=reinterpret pc=0x00000221baf767b4 method=java.util.HashMap.putVal(ILjava/lang/Object;Ljava/lang/Object;ZZ)Ljava/lang/Object; @ 181 c2

Classes redefined (0 events):
No events

Internal exceptions (2 events):
Event: 1.180 Thread 0x00000221af58e000 Exception <a 'java/io/FileNotFoundException'{0x000000076fb2d770}> (0x000000076fb2d770) thrown at [c:/BuildAgent/work/494cbf65e275b67e/src/hotspot/share/prims/jni.cpp, line 615]
Event: 1.712 Thread 0x00000221af58e000 Exception <a 'java/lang/NoSuchMethodError'{0x000000076f932ea0}: java.lang.invoke.DirectMethodHandle$Holder.invokeSpecialIFC(Ljava/lang/Object;Ljava/lang/Object;I)I> (0x000000076f932ea0) thrown at [c:/BuildAgent/work/494cbf65e275b67e/src/hotspot/share/inte

Events (10 events):
Event: 2.829 Thread 0x00000221af58e000 DEOPT PACKING pc=0x00000221b3a7a37f sp=0x000000f6ab3fd090
Event: 2.830 Thread 0x00000221af58e000 DEOPT UNPACKING pc=0x00000221b34c82bf sp=0x000000f6ab3fc4e0 mode 0
Event: 2.832 loading class org/junit/Rule
Event: 2.832 loading class org/junit/Rule done
Event: 2.834 loading class org/junit/internal/runners/rules/RuleMemberValidator$MemberMustBeNonStaticOrAlsoClassRule
Event: 2.834 loading class org/junit/internal/runners/rules/RuleMemberValidator$MemberMustBeNonStaticOrAlsoClassRule done
Event: 2.837 loading class org/junit/internal/runners/rules/RuleMemberValidator$FieldMustBeARule
Event: 2.837 loading class org/junit/internal/runners/rules/RuleMemberValidator$FieldMustBeARule done
Event: 2.839 loading class org/junit/internal/runners/rules/RuleMemberValidator$MethodMustBeATestRule
Event: 2.839 loading class org/junit/internal/runners/rules/RuleMemberValidator$MethodMustBeATestRule done


Dynamic libraries:
0x00007ff6bf5a0000 - 0x00007ff6bf5e7000 	Z:\IntelliJ IDEA 2019.2\jbr\bin\java.exe
0x00007ff832c60000 - 0x00007ff832e30000 	C:\Windows\SYSTEM32\ntdll.dll
0x00007ff830320000 - 0x00007ff8303cc000 	C:\Windows\System32\KERNEL32.DLL
0x00007ff82f2d0000 - 0x00007ff82f4ed000 	C:\Windows\System32\KERNELBASE.dll
0x00007ff830b10000 - 0x00007ff830c75000 	C:\Windows\System32\USER32.dll
0x00007ff82fc20000 - 0x00007ff82fc3e000 	C:\Windows\System32\win32u.dll
0x00007ff830d90000 - 0x00007ff830dc4000 	C:\Windows\System32\GDI32.dll
0x00007ff82fe90000 - 0x00007ff830011000 	C:\Windows\System32\gdi32full.dll
0x00007ff821f40000 - 0x00007ff8221ba000 	C:\Windows\WinSxS\amd64_microsoft.windows.common-controls_6595b64144ccf1df_6.0.14393.3053_none_7de042968342015d\COMCTL32.dll
0x00007ff830a70000 - 0x00007ff830b0e000 	C:\Windows\System32\msvcrt.dll
0x00007ff830dd0000 - 0x00007ff831095000 	C:\Windows\System32\combase.dll
0x00007ff82fc40000 - 0x00007ff82fd34000 	C:\Windows\System32\ucrtbase.dll
0x00007ff8301f0000 - 0x00007ff830311000 	C:\Windows\System32\RPCRT4.dll
0x00007ff82f150000 - 0x00007ff82f1ba000 	C:\Windows\System32\bcryptPrimitives.dll
0x00007ff8328f0000 - 0x00007ff83291e000 	C:\Windows\System32\IMM32.DLL
0x00007ff820640000 - 0x00007ff820657000 	Z:\IntelliJ IDEA 2019.2\jbr\bin\vcruntime140.dll
0x00007ff8148c0000 - 0x00007ff81495d000 	Z:\IntelliJ IDEA 2019.2\jbr\bin\msvcp140.dll
0x00007ff80bf20000 - 0x00007ff80c9d7000 	Z:\IntelliJ IDEA 2019.2\jbr\bin\server\jvm.dll
0x00007ff8327d0000 - 0x00007ff832872000 	C:\Windows\System32\ADVAPI32.dll
0x00007ff8329f0000 - 0x00007ff832a49000 	C:\Windows\System32\sechost.dll
0x00007ff832c50000 - 0x00007ff832c58000 	C:\Windows\System32\PSAPI.DLL
0x00007ff8202b0000 - 0x00007ff8202b9000 	C:\Windows\SYSTEM32\WSOCK32.dll
0x00007ff832880000 - 0x00007ff8328ea000 	C:\Windows\System32\WS2_32.dll
0x00007ff82cd50000 - 0x00007ff82cd73000 	C:\Windows\SYSTEM32\WINMM.dll
0x00007ff82d6d0000 - 0x00007ff82d6da000 	C:\Windows\SYSTEM32\VERSION.dll
0x00007ff82ccf0000 - 0x00007ff82cd1b000 	C:\Windows\SYSTEM32\WINMMBASE.dll
0x00007ff82f4f0000 - 0x00007ff82f532000 	C:\Windows\System32\cfgmgr32.dll
0x00007ff82f130000 - 0x00007ff82f13f000 	C:\Windows\System32\kernel.appcore.dll
0x00007ff824fa0000 - 0x00007ff824fb1000 	Z:\IntelliJ IDEA 2019.2\jbr\bin\verify.dll
0x00007ff82e790000 - 0x00007ff82e922000 	C:\Windows\SYSTEM32\DBGHELP.DLL
0x00007ff82e6a0000 - 0x00007ff82e6c9000 	C:\Windows\SYSTEM32\dbgcore.DLL
0x00007ff822ab0000 - 0x00007ff822ad9000 	Z:\IntelliJ IDEA 2019.2\jbr\bin\java.dll
0x00007ff822a70000 - 0x00007ff822aa4000 	Z:\IntelliJ IDEA 2019.2\jbr\bin\instrument.dll
0x00007ff822a50000 - 0x00007ff822a67000 	Z:\IntelliJ IDEA 2019.2\jbr\bin\zip.dll
0x00007ff82e730000 - 0x00007ff82e73b000 	Z:\IntelliJ IDEA 2019.2\jbr\bin\jimage.dll
0x00007ff8310c0000 - 0x00007ff8325c5000 	C:\Windows\System32\SHELL32.dll
0x00007ff82f540000 - 0x00007ff82fc1a000 	C:\Windows\System32\windows.storage.dll
0x00007ff82f0e0000 - 0x00007ff82f12c000 	C:\Windows\System32\powrprof.dll
0x00007ff830a10000 - 0x00007ff830a62000 	C:\Windows\System32\shlwapi.dll
0x00007ff82fde0000 - 0x00007ff82fe89000 	C:\Windows\System32\shcore.dll
0x00007ff82f0c0000 - 0x00007ff82f0d4000 	C:\Windows\System32\profapi.dll
0x00007ff822a30000 - 0x00007ff822a4a000 	Z:\IntelliJ IDEA 2019.2\jbr\bin\net.dll
0x00007ff825b10000 - 0x00007ff825bdc000 	C:\Windows\SYSTEM32\WINHTTP.dll
0x00007ff8234e0000 - 0x00007ff8236a3000 	C:\Windows\SYSTEM32\urlmon.dll
0x00007ff8275a0000 - 0x00007ff827851000 	C:\Windows\SYSTEM32\iertutil.dll
0x00007ff82e930000 - 0x00007ff82e98c000 	C:\Windows\system32\mswsock.dll
0x00007ff822a10000 - 0x00007ff822a24000 	Z:\IntelliJ IDEA 2019.2\jbr\bin\nio.dll
0x00007ff817bf0000 - 0x00007ff817c0a000 	Z:\IntelliJ IDEA 2019.2\bin\breakgen64.dll

dbghelp: loaded successfully - version: 4.0.5 - missing functions: none
symbol engine: initialized successfully - sym options: 0x614 - pdb path: .;Z:\IntelliJ IDEA 2019.2\jbr\bin;C:\Windows\SYSTEM32;C:\Windows\WinSxS\amd64_microsoft.windows.common-controls_6595b64144ccf1df_6.0.14393.3053_none_7de042968342015d;Z:\IntelliJ IDEA 2019.2\jbr\bin\server;Z:\IntelliJ IDEA 2019.2\bin

VM Arguments:
jvm_args: -ea -Didea.test.cyclic.buffer.size=1048576 -javaagent:Z:\IntelliJ IDEA 2019.2\lib\idea_rt.jar=55186:Z:\IntelliJ IDEA 2019.2\bin -Dfile.encoding=UTF-8 
java_command: com.intellij.rt.execution.junit.JUnitStarter -ideVersion5 -junit4 ua.com.prestaShopAutomationQatestlab.temp_off,Price
java_class_path (initial): Z:\IntelliJ IDEA 2019.2\lib\idea_rt.jar;Z:\IntelliJ IDEA 2019.2\plugins\junit\lib\junit-rt.jar;Z:\IntelliJ IDEA 2019.2\plugins\junit\lib\junit5-rt.jar;C:\Users\Professional\IdeaProjects\test_project\target\test-classes;C:\Users\Professional\.m2\repository\junit\junit\4.13\junit-4.13.jar;C:\Users\Professional\.m2\repository\org\hamcrest\hamcrest-core\1.3\hamcrest-core-1.3.jar;C:\Users\Professional\.m2\repository\org\seleniumhq\selenium\selenium-java\3.141.59\selenium-java-3.141.59.jar;C:\Users\Professional\.m2\repository\org\seleniumhq\selenium\selenium-api\3.141.59\selenium-api-3.141.59.jar;C:\Users\Professional\.m2\repository\org\seleniumhq\selenium\selenium-chrome-driver\3.141.59\selenium-chrome-driver-3.141.59.jar;C:\Users\Professional\.m2\repository\org\seleniumhq\selenium\selenium-edge-driver\3.141.59\selenium-edge-driver-3.141.59.jar;C:\Users\Professional\.m2\repository\org\seleniumhq\selenium\selenium-firefox-driver\3.141.59\selenium-firefox-driver-3.141.59.jar;C:\Users\Professional\.m2\repository\org\seleniumhq\selenium\selenium-ie-driver\3.141.59\selenium-ie-driver-3.141.59.jar;C:\Users\Professional\.m2\repository\org\seleniumhq\selenium\selenium-opera-driver\3.141.59\selenium-opera-driver-3.141.59.jar;C:\Users\Professional\.m2\repository\org\seleniumhq\selenium\selenium-remote-driver\3.141.59\selenium-remote-driver-3.141.59.jar;C:\Users\Professional\.m2\repository\org\seleniumhq\selenium\selenium-safari-driver\3.141.59\selenium-safari-driver-3.141.59.jar;C:\Users\Professional\.m2\repository\org\seleniumhq\selenium\selenium-support\3.141.59\selenium-support-3.141.59.jar;C:\Users\Professional\.m2\repository\net\bytebuddy\byte-buddy\1.8.15\byte-buddy-1.8.15.jar;C:\Users\Professional\.m2\repository\org\apache\commons\commons-exec\1.3\commons-exec-1.3.jar;C:\Users\Professional\.m2\repository\com\google\guava\guava\25.0-jre\guava-25.0-jre.jar;C:\Users\Professional\.m2\repository\com\google\code\findbugs\jsr305\1.3.9\jsr305-1.3.9.jar;
Launcher Type: SUN_STANDARD

[Global flags]
     intx CICompilerCount                          = 2                                         {product} {ergonomic}
     uint ConcGCThreads                            = 1                                         {product} {ergonomic}
     uint G1ConcRefinementThreads                  = 2                                         {product} {ergonomic}
   size_t G1HeapRegionSize                         = 1048576                                   {product} {ergonomic}
    uintx GCDrainStackTargetSize                   = 64                                        {product} {ergonomic}
   size_t InitialHeapSize                          = 161480704                                 {product} {ergonomic}
   size_t MarkStackSize                            = 4194304                                   {product} {ergonomic}
   size_t MaxHeapSize                              = 2579496960                                {product} {ergonomic}
   size_t MaxNewSize                               = 1547698176                                {product} {ergonomic}
   size_t MinHeapDeltaBytes                        = 1048576                                   {product} {ergonomic}
    uintx NonNMethodCodeHeapSize                   = 5824844                                {pd product} {ergonomic}
    uintx NonProfiledCodeHeapSize                  = 122916698                              {pd product} {ergonomic}
    uintx ProfiledCodeHeapSize                     = 122916698                              {pd product} {ergonomic}
    uintx ReservedCodeCacheSize                    = 251658240                              {pd product} {ergonomic}
     bool SegmentedCodeCache                       = true                                      {product} {ergonomic}
     bool UseCompressedClassPointers               = true                                 {lp64_product} {ergonomic}
     bool UseCompressedOops                        = true                                 {lp64_product} {ergonomic}
     bool UseG1GC                                  = true                                      {product} {ergonomic}
     bool UseLargePagesIndividualAllocation        = false                                  {pd product} {ergonomic}

Logging:
Log output configuration:
 #0: stdout all=warning uptime,level,tags
 #1: stderr all=off uptime,level,tags

Environment Variables:
PATH=Z:\IntelliJ IDEA 2019.2\jbr\\bin;Z:\IntelliJ IDEA 2019.2\jbr\\bin\server;C:\Program Files (x86)\Common Files\Oracle\Java\javapath;C:\Windows\system32;C:\Windows;C:\Windows\System32\Wbem;C:\Windows\System32\WindowsPowerShell\v1.0\;C:\Program Files (x86)\ATI Technologies\ATI.ACE\Core-Static;Z:\Git\cmd;C:\Program Files\MySQL\MySQL Shell 8.0\bin\;C:\Users\Professional\AppData\Local\Microsoft\WindowsApps;;Z:\IntelliJ IDEA 2019.2\bin;
USERNAME=Professional
OS=Windows_NT
PROCESSOR_IDENTIFIER=AMD64 Family 20 Model 2 Stepping 0, AuthenticAMD



---------------  S Y S T E M  ---------------

OS: Windows 10 , 64 bit Build 14393 (10.0.14393.2969)

CPU:total 2 (initial active 2) (2 cores per cpu, 1 threads per core) family 20 model 2 stepping 0, cmov, cx8, fxsr, mmx, sse, sse2, sse3, ssse3, popcnt, mmxext, lzcnt, sse4a, tsc, tscinvbit, tscinv

Memory: 4k page, system-wide physical 9832M (1294M free)
TotalPageFile size 11957M (AvailPageFile size 3M)
current process WorkingSet (physical memory assigned to process): 55M, peak: 55M
current process commit charge ("private bytes"): 229M, peak: 229M

vm_info: OpenJDK 64-Bit Server VM (11.0.3+12-b304.10) for windows-amd64 JRE (11.0.3+12-b304.10), built on Jun 25 2019 07:10:45 by "" with MS VC++ 14.0 (VS2015)

END.
